<?xml version="1.0" encoding="UTF-8"?>
<!-- Generated by org.testng.reporters.JUnitReportReporter -->
<testsuite hostname="DESKTOP-3S4DVVD" failures="0" tests="1" name="TestNGStudy.URLLaunch" time="6.625" errors="0" timestamp="2022-11-02T22:42:22 IST" skipped="0">
  <testcase classname="TestNGStudy.URLLaunch" name="f" time="6.625"/>
  <system-out/>
</testsuite> <!-- TestNGStudy.URLLaunch -->
