<?xml version="1.0" encoding="UTF-8"?>
<!-- Generated by org.testng.reporters.JUnitReportReporter -->
<testsuite hostname="RANCHO" failures="0" tests="1" name="upStoxPOMUsingExcel.UpstoxTest" time="7.364" errors="0" timestamp="2022-11-18T17:07:14 IST" skipped="0">
  <testcase classname="upStoxPOMUsingExcel.UpstoxTest" name="validateUserName" time="7.364"/>
  <system-out/>
</testsuite> <!-- upStoxPOMUsingExcel.UpstoxTest -->
