<?xml version="1.0" encoding="UTF-8"?>
<!-- Generated by org.testng.reporters.JUnitReportReporter -->
<testsuite hostname="RANCHO" failures="0" tests="1" name="TestNGStudy.SerialandParallelExecution" time="7.798" errors="0" timestamp="2022-11-16T16:06:10 IST" skipped="0">
  <testcase classname="TestNGStudy.SerialandParallelExecution" name="facebook" time="7.798"/>
  <system-out/>
</testsuite> <!-- TestNGStudy.SerialandParallelExecution -->
