<?xml version="1.0" encoding="UTF-8"?>
<!-- Generated by org.testng.reporters.JUnitReportReporter -->
<testsuite hostname="RANCHO" failures="0" tests="2" name="testNGTestClass.ValidatingUserName" time="0.021" errors="1" timestamp="2022-11-21T15:50:26 IST" skipped="1">
  <testcase classname="testNGTestClass.ValidatingUserName" name="BrowserLaunch" time="0.021">
    <error type="java.lang.StackOverflowError">
      <![CDATA[java.lang.StackOverflowError
at testNGTestClass.ValidatingUserName.BrowserLaunch(ValidatingUserName.java:44)
at testNGTestClass.ValidatingUserName.BrowserLaunch(ValidatingUserName.java:44)
at testNGTestClass.ValidatingUserName.BrowserLaunch(ValidatingUserName.java:44)
at testNGTestClass.ValidatingUserName.BrowserLaunch(ValidatingUserName.java:44)
at testNGTestClass.ValidatingUserName.BrowserLaunch(ValidatingUserName.java:44)
at testNGTestClass.ValidatingUserName.BrowserLaunch(ValidatingUserName.java:44)
at testNGTestClass.ValidatingUserName.BrowserLaunch(ValidatingUserName.java:44)
at testNGTestClass.ValidatingUserName.BrowserLaunch(ValidatingUserName.java:44)
at testNGTestClass.ValidatingUserName.BrowserLaunch(ValidatingUserName.java:44)
at testNGTestClass.ValidatingUserName.BrowserLaunch(ValidatingUserName.java:44)
at testNGTestClass.ValidatingUserName.BrowserLaunch(ValidatingUserName.java:44)
at testNGTestClass.ValidatingUserName.BrowserLaunch(ValidatingUserName.java:44)
at testNGTestClass.ValidatingUserName.BrowserLaunch(ValidatingUserName.java:44)
at testNGTestClass.ValidatingUserName.BrowserLaunch(ValidatingUserName.java:44)
at testNGTestClass.ValidatingUserName.BrowserLaunch(ValidatingUserName.java:44)
at testNGTestClass.ValidatingUserName.BrowserLaunch(ValidatingUserName.java:44)
at testNGTestClass.ValidatingUserName.BrowserLaunch(ValidatingUserName.java:44)
at testNGTestClass.ValidatingUserName.BrowserLaunch(ValidatingUserName.java:44)
at testNGTestClass.ValidatingUserName.BrowserLaunch(ValidatingUserName.java:44)
at testNGTestClass.ValidatingUserName.BrowserLaunch(ValidatingUserName.java:44)
at testNGTestClass.ValidatingUserName.BrowserLaunch(ValidatingUserName.java:44)
at testNGTestClass.ValidatingUserName.BrowserLaunch(ValidatingUserName.java:44)
at testNGTestClass.ValidatingUserName.BrowserLaunch(ValidatingUserName.java:44)
at testNGTestClass.ValidatingUserName.BrowserLaunch(ValidatingUserName.java:44)
at testNGTestClass.ValidatingUserName.BrowserLaunch(ValidatingUserName.java:44)
at testNGTestClass.ValidatingUserName.BrowserLaunch(ValidatingUserName.java:44)
at testNGTestClass.ValidatingUserName.BrowserLaunch(ValidatingUserName.java:44)
at testNGTestClass.ValidatingUserName.BrowserLaunch(ValidatingUserName.java:44)
at testNGTestClass.ValidatingUserName.BrowserLaunch(ValidatingUserName.java:44)
at testNGTestClass.ValidatingUserName.BrowserLaunch(ValidatingUserName.java:44)
at testNGTestClass.ValidatingUserName.BrowserLaunch(ValidatingUserName.java:44)
at testNGTestClass.ValidatingUserName.BrowserLaunch(ValidatingUserName.java:44)
at testNGTestClass.ValidatingUserName.BrowserLaunch(ValidatingUserName.java:44)
at testNGTestClass.ValidatingUserName.BrowserLaunch(ValidatingUserName.java:44)
at testNGTestClass.ValidatingUserName.BrowserLaunch(ValidatingUserName.java:44)
at testNGTestClass.ValidatingUserName.BrowserLaunch(ValidatingUserName.java:44)
at testNGTestClass.ValidatingUserName.BrowserLaunch(ValidatingUserName.java:44)
at testNGTestClass.ValidatingUserName.BrowserLaunch(ValidatingUserName.java:44)
at testNGTestClass.ValidatingUserName.BrowserLaunch(ValidatingUserName.java:44)
at testNGTestClass.ValidatingUserName.BrowserLaunch(ValidatingUserName.java:44)
at testNGTestClass.ValidatingUserName.BrowserLaunch(ValidatingUserName.java:44)
at testNGTestClass.ValidatingUserName.BrowserLaunch(ValidatingUserName.java:44)
at testNGTestClass.ValidatingUserName.BrowserLaunch(ValidatingUserName.java:44)
at testNGTestClass.ValidatingUserName.BrowserLaunch(ValidatingUserName.java:44)
at testNGTestClass.ValidatingUserName.BrowserLaunch(ValidatingUserName.java:44)
at testNGTestClass.ValidatingUserName.BrowserLaunch(ValidatingUserName.java:44)
at testNGTestClass.ValidatingUserName.BrowserLaunch(ValidatingUserName.java:44)
at testNGTestClass.ValidatingUserName.BrowserLaunch(ValidatingUserName.java:44)
at testNGTestClass.ValidatingUserName.BrowserLaunch(ValidatingUserName.java:44)
at testNGTestClass.ValidatingUserName.BrowserLaunch(ValidatingUserName.java:44)
at testNGTestClass.ValidatingUserName.BrowserLaunch(ValidatingUserName.java:44)
at testNGTestClass.ValidatingUserName.BrowserLaunch(ValidatingUserName.java:44)
at testNGTestClass.ValidatingUserName.BrowserLaunch(ValidatingUserName.java:44)
at testNGTestClass.ValidatingUserName.BrowserLaunch(ValidatingUserName.java:44)
at testNGTestClass.ValidatingUserName.BrowserLaunch(ValidatingUserName.java:44)
at testNGTestClass.ValidatingUserName.BrowserLaunch(ValidatingUserName.java:44)
at testNGTestClass.ValidatingUserName.BrowserLaunch(ValidatingUserName.java:44)
at testNGTestClass.ValidatingUserName.BrowserLaunch(ValidatingUserName.java:44)
at testNGTestClass.ValidatingUserName.BrowserLaunch(ValidatingUserName.java:44)
at testNGTestClass.ValidatingUserName.BrowserLaunch(ValidatingUserName.java:44)
at testNGTestClass.ValidatingUserName.BrowserLaunch(ValidatingUserName.java:44)
at testNGTestClass.ValidatingUserName.BrowserLaunch(ValidatingUserName.java:44)
at testNGTestClass.ValidatingUserName.BrowserLaunch(ValidatingUserName.java:44)
at testNGTestClass.ValidatingUserName.BrowserLaunch(ValidatingUserName.java:44)
at testNGTestClass.ValidatingUserName.BrowserLaunch(ValidatingUserName.java:44)
at testNGTestClass.ValidatingUserName.BrowserLaunch(ValidatingUserName.java:44)
at testNGTestClass.ValidatingUserName.BrowserLaunch(ValidatingUserName.java:44)
at testNGTestClass.ValidatingUserName.BrowserLaunch(ValidatingUserName.java:44)
at testNGTestClass.ValidatingUserName.BrowserLaunch(ValidatingUserName.java:44)
at testNGTestClass.ValidatingUserName.BrowserLaunch(ValidatingUserName.java:44)
at testNGTestClass.ValidatingUserName.BrowserLaunch(ValidatingUserName.java:44)
at testNGTestClass.ValidatingUserName.BrowserLaunch(ValidatingUserName.java:44)
at testNGTestClass.ValidatingUserName.BrowserLaunch(ValidatingUserName.java:44)
at testNGTestClass.ValidatingUserName.BrowserLaunch(ValidatingUserName.java:44)
at testNGTestClass.ValidatingUserName.BrowserLaunch(ValidatingUserName.java:44)
at testNGTestClass.ValidatingUserName.BrowserLaunch(ValidatingUserName.java:44)
at testNGTestClass.ValidatingUserName.BrowserLaunch(ValidatingUserName.java:44)
at testNGTestClass.ValidatingUserName.BrowserLaunch(ValidatingUserName.java:44)
at testNGTestClass.ValidatingUserName.BrowserLaunch(ValidatingUserName.java:44)
at testNGTestClass.ValidatingUserName.BrowserLaunch(ValidatingUserName.java:44)
at testNGTestClass.ValidatingUserName.BrowserLaunch(ValidatingUserName.java:44)
at testNGTestClass.ValidatingUserName.BrowserLaunch(ValidatingUserName.java:44)
at testNGTestClass.ValidatingUserName.BrowserLaunch(ValidatingUserName.java:44)
at testNGTestClass.ValidatingUserName.BrowserLaunch(ValidatingUserName.java:44)
at testNGTestClass.ValidatingUserName.BrowserLaunch(ValidatingUserName.java:44)
at testNGTestClass.ValidatingUserName.BrowserLaunch(ValidatingUserName.java:44)
at testNGTestClass.ValidatingUserName.BrowserLaunch(ValidatingUserName.java:44)
at testNGTestClass.ValidatingUserName.BrowserLaunch(ValidatingUserName.java:44)
at testNGTestClass.ValidatingUserName.BrowserLaunch(ValidatingUserName.java:44)
at testNGTestClass.ValidatingUserName.BrowserLaunch(ValidatingUserName.java:44)
at testNGTestClass.ValidatingUserName.BrowserLaunch(ValidatingUserName.java:44)
at testNGTestClass.ValidatingUserName.BrowserLaunch(ValidatingUserName.java:44)
at testNGTestClass.ValidatingUserName.BrowserLaunch(ValidatingUserName.java:44)
at testNGTestClass.ValidatingUserName.BrowserLaunch(ValidatingUserName.java:44)
at testNGTestClass.ValidatingUserName.BrowserLaunch(ValidatingUserName.java:44)
at testNGTestClass.ValidatingUserName.BrowserLaunch(ValidatingUserName.java:44)
at testNGTestClass.ValidatingUserName.BrowserLaunch(ValidatingUserName.java:44)
at testNGTestClass.ValidatingUserName.BrowserLaunch(ValidatingUserName.java:44)
at testNGTestClass.ValidatingUserName.BrowserLaunch(ValidatingUserName.java:44)
at testNGTestClass.ValidatingUserName.BrowserLaunch(ValidatingUserName.java:44)
at testNGTestClass.ValidatingUserName.BrowserLaunch(ValidatingUserName.java:44)
at testNGTestClass.ValidatingUserName.BrowserLaunch(ValidatingUserName.java:44)
at testNGTestClass.ValidatingUserName.BrowserLaunch(ValidatingUserName.java:44)
at testNGTestClass.ValidatingUserName.BrowserLaunch(ValidatingUserName.java:44)
at testNGTestClass.ValidatingUserName.BrowserLaunch(ValidatingUserName.java:44)
at testNGTestClass.ValidatingUserName.BrowserLaunch(ValidatingUserName.java:44)
at testNGTestClass.ValidatingUserName.BrowserLaunch(ValidatingUserName.java:44)
at testNGTestClass.ValidatingUserName.BrowserLaunch(ValidatingUserName.java:44)
at testNGTestClass.ValidatingUserName.BrowserLaunch(ValidatingUserName.java:44)
at testNGTestClass.ValidatingUserName.BrowserLaunch(ValidatingUserName.java:44)
at testNGTestClass.ValidatingUserName.BrowserLaunch(ValidatingUserName.java:44)
at testNGTestClass.ValidatingUserName.BrowserLaunch(ValidatingUserName.java:44)
at testNGTestClass.ValidatingUserName.BrowserLaunch(ValidatingUserName.java:44)
at testNGTestClass.ValidatingUserName.BrowserLaunch(ValidatingUserName.java:44)
at testNGTestClass.ValidatingUserName.BrowserLaunch(ValidatingUserName.java:44)
at testNGTestClass.ValidatingUserName.BrowserLaunch(ValidatingUserName.java:44)
at testNGTestClass.ValidatingUserName.BrowserLaunch(ValidatingUserName.java:44)
at testNGTestClass.ValidatingUserName.BrowserLaunch(ValidatingUserName.java:44)
at testNGTestClass.ValidatingUserName.BrowserLaunch(ValidatingUserName.java:44)
at testNGTestClass.ValidatingUserName.BrowserLaunch(ValidatingUserName.java:44)
at testNGTestClass.ValidatingUserName.BrowserLaunch(ValidatingUserName.java:44)
at testNGTestClass.ValidatingUserName.BrowserLaunch(ValidatingUserName.java:44)
at testNGTestClass.ValidatingUserName.BrowserLaunch(ValidatingUserName.java:44)
at testNGTestClass.ValidatingUserName.BrowserLaunch(ValidatingUserName.java:44)
at testNGTestClass.ValidatingUserName.BrowserLaunch(ValidatingUserName.java:44)
at testNGTestClass.ValidatingUserName.BrowserLaunch(ValidatingUserName.java:44)
at testNGTestClass.ValidatingUserName.BrowserLaunch(ValidatingUserName.java:44)
at testNGTestClass.ValidatingUserName.BrowserLaunch(ValidatingUserName.java:44)
at testNGTestClass.ValidatingUserName.BrowserLaunch(ValidatingUserName.java:44)
at testNGTestClass.ValidatingUserName.BrowserLaunch(ValidatingUserName.java:44)
at testNGTestClass.ValidatingUserName.BrowserLaunch(ValidatingUserName.java:44)
at testNGTestClass.ValidatingUserName.BrowserLaunch(ValidatingUserName.java:44)
at testNGTestClass.ValidatingUserName.BrowserLaunch(ValidatingUserName.java:44)
at testNGTestClass.ValidatingUserName.BrowserLaunch(ValidatingUserName.java:44)
at testNGTestClass.ValidatingUserName.BrowserLaunch(ValidatingUserName.java:44)
at testNGTestClass.ValidatingUserName.BrowserLaunch(ValidatingUserName.java:44)
at testNGTestClass.ValidatingUserName.BrowserLaunch(ValidatingUserName.java:44)
at testNGTestClass.ValidatingUserName.BrowserLaunch(ValidatingUserName.java:44)
at testNGTestClass.ValidatingUserName.BrowserLaunch(ValidatingUserName.java:44)
at testNGTestClass.ValidatingUserName.BrowserLaunch(ValidatingUserName.java:44)
at testNGTestClass.ValidatingUserName.BrowserLaunch(ValidatingUserName.java:44)
at testNGTestClass.ValidatingUserName.BrowserLaunch(ValidatingUserName.java:44)
at testNGTestClass.ValidatingUserName.BrowserLaunch(ValidatingUserName.java:44)
at testNGTestClass.ValidatingUserName.BrowserLaunch(ValidatingUserName.java:44)
at testNGTestClass.ValidatingUserName.BrowserLaunch(ValidatingUserName.java:44)
at testNGTestClass.ValidatingUserName.BrowserLaunch(ValidatingUserName.java:44)
at testNGTestClass.ValidatingUserName.BrowserLaunch(ValidatingUserName.java:44)
at testNGTestClass.ValidatingUserName.BrowserLaunch(ValidatingUserName.java:44)
at testNGTestClass.ValidatingUserName.BrowserLaunch(ValidatingUserName.java:44)
at testNGTestClass.ValidatingUserName.BrowserLaunch(ValidatingUserName.java:44)
at testNGTestClass.ValidatingUserName.BrowserLaunch(ValidatingUserName.java:44)
at testNGTestClass.ValidatingUserName.BrowserLaunch(ValidatingUserName.java:44)
at testNGTestClass.ValidatingUserName.BrowserLaunch(ValidatingUserName.java:44)
at testNGTestClass.ValidatingUserName.BrowserLaunch(ValidatingUserName.java:44)
at testNGTestClass.ValidatingUserName.BrowserLaunch(ValidatingUserName.java:44)
at testNGTestClass.ValidatingUserName.BrowserLaunch(ValidatingUserName.java:44)
at testNGTestClass.ValidatingUserName.BrowserLaunch(ValidatingUserName.java:44)
at testNGTestClass.ValidatingUserName.BrowserLaunch(ValidatingUserName.java:44)
at testNGTestClass.ValidatingUserName.BrowserLaunch(ValidatingUserName.java:44)
at testNGTestClass.ValidatingUserName.BrowserLaunch(ValidatingUserName.java:44)
at testNGTestClass.ValidatingUserName.BrowserLaunch(ValidatingUserName.java:44)
at testNGTestClass.ValidatingUserName.BrowserLaunch(ValidatingUserName.java:44)
at testNGTestClass.ValidatingUserName.BrowserLaunch(ValidatingUserName.java:44)
at testNGTestClass.ValidatingUserName.BrowserLaunch(ValidatingUserName.java:44)
at testNGTestClass.ValidatingUserName.BrowserLaunch(ValidatingUserName.java:44)
at testNGTestClass.ValidatingUserName.BrowserLaunch(ValidatingUserName.java:44)
at testNGTestClass.ValidatingUserName.BrowserLaunch(ValidatingUserName.java:44)
at testNGTestClass.ValidatingUserName.BrowserLaunch(ValidatingUserName.java:44)
at testNGTestClass.ValidatingUserName.BrowserLaunch(ValidatingUserName.java:44)
at testNGTestClass.ValidatingUserName.BrowserLaunch(ValidatingUserName.java:44)
at testNGTestClass.ValidatingUserName.BrowserLaunch(ValidatingUserName.java:44)
at testNGTestClass.ValidatingUserName.BrowserLaunch(ValidatingUserName.java:44)
at testNGTestClass.ValidatingUserName.BrowserLaunch(ValidatingUserName.java:44)
at testNGTestClass.ValidatingUserName.BrowserLaunch(ValidatingUserName.java:44)
at testNGTestClass.ValidatingUserName.BrowserLaunch(ValidatingUserName.java:44)
at testNGTestClass.ValidatingUserName.BrowserLaunch(ValidatingUserName.java:44)
at testNGTestClass.ValidatingUserName.BrowserLaunch(ValidatingUserName.java:44)
at testNGTestClass.ValidatingUserName.BrowserLaunch(ValidatingUserName.java:44)
at testNGTestClass.ValidatingUserName.BrowserLaunch(ValidatingUserName.java:44)
at testNGTestClass.ValidatingUserName.BrowserLaunch(ValidatingUserName.java:44)
at testNGTestClass.ValidatingUserName.BrowserLaunch(ValidatingUserName.java:44)
at testNGTestClass.ValidatingUserName.BrowserLaunch(ValidatingUserName.java:44)
at testNGTestClass.ValidatingUserName.BrowserLaunch(ValidatingUserName.java:44)
at testNGTestClass.ValidatingUserName.BrowserLaunch(ValidatingUserName.java:44)
at testNGTestClass.ValidatingUserName.BrowserLaunch(ValidatingUserName.java:44)
at testNGTestClass.ValidatingUserName.BrowserLaunch(ValidatingUserName.java:44)
at testNGTestClass.ValidatingUserName.BrowserLaunch(ValidatingUserName.java:44)
at testNGTestClass.ValidatingUserName.BrowserLaunch(ValidatingUserName.java:44)
at testNGTestClass.ValidatingUserName.BrowserLaunch(ValidatingUserName.java:44)
at testNGTestClass.ValidatingUserName.BrowserLaunch(ValidatingUserName.java:44)
at testNGTestClass.ValidatingUserName.BrowserLaunch(ValidatingUserName.java:44)
at testNGTestClass.ValidatingUserName.BrowserLaunch(ValidatingUserName.java:44)
at testNGTestClass.ValidatingUserName.BrowserLaunch(ValidatingUserName.java:44)
at testNGTestClass.ValidatingUserName.BrowserLaunch(ValidatingUserName.java:44)
at testNGTestClass.ValidatingUserName.BrowserLaunch(ValidatingUserName.java:44)
at testNGTestClass.ValidatingUserName.BrowserLaunch(ValidatingUserName.java:44)
at testNGTestClass.ValidatingUserName.BrowserLaunch(ValidatingUserName.java:44)
at testNGTestClass.ValidatingUserName.BrowserLaunch(ValidatingUserName.java:44)
at testNGTestClass.ValidatingUserName.BrowserLaunch(ValidatingUserName.java:44)
at testNGTestClass.ValidatingUserName.BrowserLaunch(ValidatingUserName.java:44)
at testNGTestClass.ValidatingUserName.BrowserLaunch(ValidatingUserName.java:44)
at testNGTestClass.ValidatingUserName.BrowserLaunch(ValidatingUserName.java:44)
at testNGTestClass.ValidatingUserName.BrowserLaunch(ValidatingUserName.java:44)
at testNGTestClass.ValidatingUserName.BrowserLaunch(ValidatingUserName.java:44)
at testNGTestClass.ValidatingUserName.BrowserLaunch(ValidatingUserName.java:44)
at testNGTestClass.ValidatingUserName.BrowserLaunch(ValidatingUserName.java:44)
at testNGTestClass.ValidatingUserName.BrowserLaunch(ValidatingUserName.java:44)
at testNGTestClass.ValidatingUserName.BrowserLaunch(ValidatingUserName.java:44)
at testNGTestClass.ValidatingUserName.BrowserLaunch(ValidatingUserName.java:44)
at testNGTestClass.ValidatingUserName.BrowserLaunch(ValidatingUserName.java:44)
at testNGTestClass.ValidatingUserName.BrowserLaunch(ValidatingUserName.java:44)
at testNGTestClass.ValidatingUserName.BrowserLaunch(ValidatingUserName.java:44)
at testNGTestClass.ValidatingUserName.BrowserLaunch(ValidatingUserName.java:44)
at testNGTestClass.ValidatingUserName.BrowserLaunch(ValidatingUserName.java:44)
at testNGTestClass.ValidatingUserName.BrowserLaunch(ValidatingUserName.java:44)
at testNGTestClass.ValidatingUserName.BrowserLaunch(ValidatingUserName.java:44)
at testNGTestClass.ValidatingUserName.BrowserLaunch(ValidatingUserName.java:44)
at testNGTestClass.ValidatingUserName.BrowserLaunch(ValidatingUserName.java:44)
at testNGTestClass.ValidatingUserName.BrowserLaunch(ValidatingUserName.java:44)
at testNGTestClass.ValidatingUserName.BrowserLaunch(ValidatingUserName.java:44)
at testNGTestClass.ValidatingUserName.BrowserLaunch(ValidatingUserName.java:44)
at testNGTestClass.ValidatingUserName.BrowserLaunch(ValidatingUserName.java:44)
at testNGTestClass.ValidatingUserName.BrowserLaunch(ValidatingUserName.java:44)
at testNGTestClass.ValidatingUserName.BrowserLaunch(ValidatingUserName.java:44)
at testNGTestClass.ValidatingUserName.BrowserLaunch(ValidatingUserName.java:44)
at testNGTestClass.ValidatingUserName.BrowserLaunch(ValidatingUserName.java:44)
at testNGTestClass.ValidatingUserName.BrowserLaunch(ValidatingUserName.java:44)
at testNGTestClass.ValidatingUserName.BrowserLaunch(ValidatingUserName.java:44)
at testNGTestClass.ValidatingUserName.BrowserLaunch(ValidatingUserName.java:44)
at testNGTestClass.ValidatingUserName.BrowserLaunch(ValidatingUserName.java:44)
at testNGTestClass.ValidatingUserName.BrowserLaunch(ValidatingUserName.java:44)
at testNGTestClass.ValidatingUserName.BrowserLaunch(ValidatingUserName.java:44)
at testNGTestClass.ValidatingUserName.BrowserLaunch(ValidatingUserName.java:44)
at testNGTestClass.ValidatingUserName.BrowserLaunch(ValidatingUserName.java:44)
at testNGTestClass.ValidatingUserName.BrowserLaunch(ValidatingUserName.java:44)
at testNGTestClass.ValidatingUserName.BrowserLaunch(ValidatingUserName.java:44)
at testNGTestClass.ValidatingUserName.BrowserLaunch(ValidatingUserName.java:44)
at testNGTestClass.ValidatingUserName.BrowserLaunch(ValidatingUserName.java:44)
at testNGTestClass.ValidatingUserName.BrowserLaunch(ValidatingUserName.java:44)
at testNGTestClass.ValidatingUserName.BrowserLaunch(ValidatingUserName.java:44)
at testNGTestClass.ValidatingUserName.BrowserLaunch(ValidatingUserName.java:44)
at testNGTestClass.ValidatingUserName.BrowserLaunch(ValidatingUserName.java:44)
at testNGTestClass.ValidatingUserName.BrowserLaunch(ValidatingUserName.java:44)
at testNGTestClass.ValidatingUserName.BrowserLaunch(ValidatingUserName.java:44)
at testNGTestClass.ValidatingUserName.BrowserLaunch(ValidatingUserName.java:44)
at testNGTestClass.ValidatingUserName.BrowserLaunch(ValidatingUserName.java:44)
at testNGTestClass.ValidatingUserName.BrowserLaunch(ValidatingUserName.java:44)
at testNGTestClass.ValidatingUserName.BrowserLaunch(ValidatingUserName.java:44)
at testNGTestClass.ValidatingUserName.BrowserLaunch(ValidatingUserName.java:44)
at testNGTestClass.ValidatingUserName.BrowserLaunch(ValidatingUserName.java:44)
at testNGTestClass.ValidatingUserName.BrowserLaunch(ValidatingUserName.java:44)
at testNGTestClass.ValidatingUserName.BrowserLaunch(ValidatingUserName.java:44)
at testNGTestClass.ValidatingUserName.BrowserLaunch(ValidatingUserName.java:44)
at testNGTestClass.ValidatingUserName.BrowserLaunch(ValidatingUserName.java:44)
at testNGTestClass.ValidatingUserName.BrowserLaunch(ValidatingUserName.java:44)
at testNGTestClass.ValidatingUserName.BrowserLaunch(ValidatingUserName.java:44)
at testNGTestClass.ValidatingUserName.BrowserLaunch(ValidatingUserName.java:44)
at testNGTestClass.ValidatingUserName.BrowserLaunch(ValidatingUserName.java:44)
at testNGTestClass.ValidatingUserName.BrowserLaunch(ValidatingUserName.java:44)
at testNGTestClass.ValidatingUserName.BrowserLaunch(ValidatingUserName.java:44)
at testNGTestClass.ValidatingUserName.BrowserLaunch(ValidatingUserName.java:44)
at testNGTestClass.ValidatingUserName.BrowserLaunch(ValidatingUserName.java:44)
at testNGTestClass.ValidatingUserName.BrowserLaunch(ValidatingUserName.java:44)
at testNGTestClass.ValidatingUserName.BrowserLaunch(ValidatingUserName.java:44)
at testNGTestClass.ValidatingUserName.BrowserLaunch(ValidatingUserName.java:44)
at testNGTestClass.ValidatingUserName.BrowserLaunch(ValidatingUserName.java:44)
at testNGTestClass.ValidatingUserName.BrowserLaunch(ValidatingUserName.java:44)
at testNGTestClass.ValidatingUserName.BrowserLaunch(ValidatingUserName.java:44)
at testNGTestClass.ValidatingUserName.BrowserLaunch(ValidatingUserName.java:44)
at testNGTestClass.ValidatingUserName.BrowserLaunch(ValidatingUserName.java:44)
at testNGTestClass.ValidatingUserName.BrowserLaunch(ValidatingUserName.java:44)
at testNGTestClass.ValidatingUserName.BrowserLaunch(ValidatingUserName.java:44)
at testNGTestClass.ValidatingUserName.BrowserLaunch(ValidatingUserName.java:44)
at testNGTestClass.ValidatingUserName.BrowserLaunch(ValidatingUserName.java:44)
at testNGTestClass.ValidatingUserName.BrowserLaunch(ValidatingUserName.java:44)
at testNGTestClass.ValidatingUserName.BrowserLaunch(ValidatingUserName.java:44)
at testNGTestClass.ValidatingUserName.BrowserLaunch(ValidatingUserName.java:44)
at testNGTestClass.ValidatingUserName.BrowserLaunch(ValidatingUserName.java:44)
at testNGTestClass.ValidatingUserName.BrowserLaunch(ValidatingUserName.java:44)
at testNGTestClass.ValidatingUserName.BrowserLaunch(ValidatingUserName.java:44)
at testNGTestClass.ValidatingUserName.BrowserLaunch(ValidatingUserName.java:44)
at testNGTestClass.ValidatingUserName.BrowserLaunch(ValidatingUserName.java:44)
at testNGTestClass.ValidatingUserName.BrowserLaunch(ValidatingUserName.java:44)
at testNGTestClass.ValidatingUserName.BrowserLaunch(ValidatingUserName.java:44)
at testNGTestClass.ValidatingUserName.BrowserLaunch(ValidatingUserName.java:44)
at testNGTestClass.ValidatingUserName.BrowserLaunch(ValidatingUserName.java:44)
at testNGTestClass.ValidatingUserName.BrowserLaunch(ValidatingUserName.java:44)
at testNGTestClass.ValidatingUserName.BrowserLaunch(ValidatingUserName.java:44)
at testNGTestClass.ValidatingUserName.BrowserLaunch(ValidatingUserName.java:44)
at testNGTestClass.ValidatingUserName.BrowserLaunch(ValidatingUserName.java:44)
at testNGTestClass.ValidatingUserName.BrowserLaunch(ValidatingUserName.java:44)
at testNGTestClass.ValidatingUserName.BrowserLaunch(ValidatingUserName.java:44)
at testNGTestClass.ValidatingUserName.BrowserLaunch(ValidatingUserName.java:44)
at testNGTestClass.ValidatingUserName.BrowserLaunch(ValidatingUserName.java:44)
at testNGTestClass.ValidatingUserName.BrowserLaunch(ValidatingUserName.java:44)
at testNGTestClass.ValidatingUserName.BrowserLaunch(ValidatingUserName.java:44)
at testNGTestClass.ValidatingUserName.BrowserLaunch(ValidatingUserName.java:44)
at testNGTestClass.ValidatingUserName.BrowserLaunch(ValidatingUserName.java:44)
at testNGTestClass.ValidatingUserName.BrowserLaunch(ValidatingUserName.java:44)
at testNGTestClass.ValidatingUserName.BrowserLaunch(ValidatingUserName.java:44)
at testNGTestClass.ValidatingUserName.BrowserLaunch(ValidatingUserName.java:44)
at testNGTestClass.ValidatingUserName.BrowserLaunch(ValidatingUserName.java:44)
at testNGTestClass.ValidatingUserName.BrowserLaunch(ValidatingUserName.java:44)
at testNGTestClass.ValidatingUserName.BrowserLaunch(ValidatingUserName.java:44)
at testNGTestClass.ValidatingUserName.BrowserLaunch(ValidatingUserName.java:44)
at testNGTestClass.ValidatingUserName.BrowserLaunch(ValidatingUserName.java:44)
at testNGTestClass.ValidatingUserName.BrowserLaunch(ValidatingUserName.java:44)
at testNGTestClass.ValidatingUserName.BrowserLaunch(ValidatingUserName.java:44)
at testNGTestClass.ValidatingUserName.BrowserLaunch(ValidatingUserName.java:44)
at testNGTestClass.ValidatingUserName.BrowserLaunch(ValidatingUserName.java:44)
at testNGTestClass.ValidatingUserName.BrowserLaunch(ValidatingUserName.java:44)
at testNGTestClass.ValidatingUserName.BrowserLaunch(ValidatingUserName.java:44)
at testNGTestClass.ValidatingUserName.BrowserLaunch(ValidatingUserName.java:44)
at testNGTestClass.ValidatingUserName.BrowserLaunch(ValidatingUserName.java:44)
at testNGTestClass.ValidatingUserName.BrowserLaunch(ValidatingUserName.java:44)
at testNGTestClass.ValidatingUserName.BrowserLaunch(ValidatingUserName.java:44)
at testNGTestClass.ValidatingUserName.BrowserLaunch(ValidatingUserName.java:44)
at testNGTestClass.ValidatingUserName.BrowserLaunch(ValidatingUserName.java:44)
at testNGTestClass.ValidatingUserName.BrowserLaunch(ValidatingUserName.java:44)
at testNGTestClass.ValidatingUserName.BrowserLaunch(ValidatingUserName.java:44)
at testNGTestClass.ValidatingUserName.BrowserLaunch(ValidatingUserName.java:44)
at testNGTestClass.ValidatingUserName.BrowserLaunch(ValidatingUserName.java:44)
at testNGTestClass.ValidatingUserName.BrowserLaunch(ValidatingUserName.java:44)
at testNGTestClass.ValidatingUserName.BrowserLaunch(ValidatingUserName.java:44)
at testNGTestClass.ValidatingUserName.BrowserLaunch(ValidatingUserName.java:44)
at testNGTestClass.ValidatingUserName.BrowserLaunch(ValidatingUserName.java:44)
at testNGTestClass.ValidatingUserName.BrowserLaunch(ValidatingUserName.java:44)
at testNGTestClass.ValidatingUserName.BrowserLaunch(ValidatingUserName.java:44)
at testNGTestClass.ValidatingUserName.BrowserLaunch(ValidatingUserName.java:44)
at testNGTestClass.ValidatingUserName.BrowserLaunch(ValidatingUserName.java:44)
at testNGTestClass.ValidatingUserName.BrowserLaunch(ValidatingUserName.java:44)
at testNGTestClass.ValidatingUserName.BrowserLaunch(ValidatingUserName.java:44)
at testNGTestClass.ValidatingUserName.BrowserLaunch(ValidatingUserName.java:44)
at testNGTestClass.ValidatingUserName.BrowserLaunch(ValidatingUserName.java:44)
at testNGTestClass.ValidatingUserName.BrowserLaunch(ValidatingUserName.java:44)
at testNGTestClass.ValidatingUserName.BrowserLaunch(ValidatingUserName.java:44)
at testNGTestClass.ValidatingUserName.BrowserLaunch(ValidatingUserName.java:44)
at testNGTestClass.ValidatingUserName.BrowserLaunch(ValidatingUserName.java:44)
at testNGTestClass.ValidatingUserName.BrowserLaunch(ValidatingUserName.java:44)
at testNGTestClass.ValidatingUserName.BrowserLaunch(ValidatingUserName.java:44)
at testNGTestClass.ValidatingUserName.BrowserLaunch(ValidatingUserName.java:44)
at testNGTestClass.ValidatingUserName.BrowserLaunch(ValidatingUserName.java:44)
at testNGTestClass.ValidatingUserName.BrowserLaunch(ValidatingUserName.java:44)
at testNGTestClass.ValidatingUserName.BrowserLaunch(ValidatingUserName.java:44)
at testNGTestClass.ValidatingUserName.BrowserLaunch(ValidatingUserName.java:44)
at testNGTestClass.ValidatingUserName.BrowserLaunch(ValidatingUserName.java:44)
at testNGTestClass.ValidatingUserName.BrowserLaunch(ValidatingUserName.java:44)
at testNGTestClass.ValidatingUserName.BrowserLaunch(ValidatingUserName.java:44)
at testNGTestClass.ValidatingUserName.BrowserLaunch(ValidatingUserName.java:44)
at testNGTestClass.ValidatingUserName.BrowserLaunch(ValidatingUserName.java:44)
at testNGTestClass.ValidatingUserName.BrowserLaunch(ValidatingUserName.java:44)
at testNGTestClass.ValidatingUserName.BrowserLaunch(ValidatingUserName.java:44)
at testNGTestClass.ValidatingUserName.BrowserLaunch(ValidatingUserName.java:44)
at testNGTestClass.ValidatingUserName.BrowserLaunch(ValidatingUserName.java:44)
at testNGTestClass.ValidatingUserName.BrowserLaunch(ValidatingUserName.java:44)
at testNGTestClass.ValidatingUserName.BrowserLaunch(ValidatingUserName.java:44)
at testNGTestClass.ValidatingUserName.BrowserLaunch(ValidatingUserName.java:44)
at testNGTestClass.ValidatingUserName.BrowserLaunch(ValidatingUserName.java:44)
at testNGTestClass.ValidatingUserName.BrowserLaunch(ValidatingUserName.java:44)
at testNGTestClass.ValidatingUserName.BrowserLaunch(ValidatingUserName.java:44)
at testNGTestClass.ValidatingUserName.BrowserLaunch(ValidatingUserName.java:44)
at testNGTestClass.ValidatingUserName.BrowserLaunch(ValidatingUserName.java:44)
at testNGTestClass.ValidatingUserName.BrowserLaunch(ValidatingUserName.java:44)
at testNGTestClass.ValidatingUserName.BrowserLaunch(ValidatingUserName.java:44)
at testNGTestClass.ValidatingUserName.BrowserLaunch(ValidatingUserName.java:44)
at testNGTestClass.ValidatingUserName.BrowserLaunch(ValidatingUserName.java:44)
at testNGTestClass.ValidatingUserName.BrowserLaunch(ValidatingUserName.java:44)
at testNGTestClass.ValidatingUserName.BrowserLaunch(ValidatingUserName.java:44)
at testNGTestClass.ValidatingUserName.BrowserLaunch(ValidatingUserName.java:44)
at testNGTestClass.ValidatingUserName.BrowserLaunch(ValidatingUserName.java:44)
at testNGTestClass.ValidatingUserName.BrowserLaunch(ValidatingUserName.java:44)
at testNGTestClass.ValidatingUserName.BrowserLaunch(ValidatingUserName.java:44)
at testNGTestClass.ValidatingUserName.BrowserLaunch(ValidatingUserName.java:44)
at testNGTestClass.ValidatingUserName.BrowserLaunch(ValidatingUserName.java:44)
at testNGTestClass.ValidatingUserName.BrowserLaunch(ValidatingUserName.java:44)
at testNGTestClass.ValidatingUserName.BrowserLaunch(ValidatingUserName.java:44)
at testNGTestClass.ValidatingUserName.BrowserLaunch(ValidatingUserName.java:44)
at testNGTestClass.ValidatingUserName.BrowserLaunch(ValidatingUserName.java:44)
at testNGTestClass.ValidatingUserName.BrowserLaunch(ValidatingUserName.java:44)
at testNGTestClass.ValidatingUserName.BrowserLaunch(ValidatingUserName.java:44)
at testNGTestClass.ValidatingUserName.BrowserLaunch(ValidatingUserName.java:44)
at testNGTestClass.ValidatingUserName.BrowserLaunch(ValidatingUserName.java:44)
at testNGTestClass.ValidatingUserName.BrowserLaunch(ValidatingUserName.java:44)
at testNGTestClass.ValidatingUserName.BrowserLaunch(ValidatingUserName.java:44)
at testNGTestClass.ValidatingUserName.BrowserLaunch(ValidatingUserName.java:44)
at testNGTestClass.ValidatingUserName.BrowserLaunch(ValidatingUserName.java:44)
at testNGTestClass.ValidatingUserName.BrowserLaunch(ValidatingUserName.java:44)
at testNGTestClass.ValidatingUserName.BrowserLaunch(ValidatingUserName.java:44)
at testNGTestClass.ValidatingUserName.BrowserLaunch(ValidatingUserName.java:44)
at testNGTestClass.ValidatingUserName.BrowserLaunch(ValidatingUserName.java:44)
at testNGTestClass.ValidatingUserName.BrowserLaunch(ValidatingUserName.java:44)
at testNGTestClass.ValidatingUserName.BrowserLaunch(ValidatingUserName.java:44)
at testNGTestClass.ValidatingUserName.BrowserLaunch(ValidatingUserName.java:44)
at testNGTestClass.ValidatingUserName.BrowserLaunch(ValidatingUserName.java:44)
at testNGTestClass.ValidatingUserName.BrowserLaunch(ValidatingUserName.java:44)
at testNGTestClass.ValidatingUserName.BrowserLaunch(ValidatingUserName.java:44)
at testNGTestClass.ValidatingUserName.BrowserLaunch(ValidatingUserName.java:44)
at testNGTestClass.ValidatingUserName.BrowserLaunch(ValidatingUserName.java:44)
at testNGTestClass.ValidatingUserName.BrowserLaunch(ValidatingUserName.java:44)
at testNGTestClass.ValidatingUserName.BrowserLaunch(ValidatingUserName.java:44)
at testNGTestClass.ValidatingUserName.BrowserLaunch(ValidatingUserName.java:44)
at testNGTestClass.ValidatingUserName.BrowserLaunch(ValidatingUserName.java:44)
at testNGTestClass.ValidatingUserName.BrowserLaunch(ValidatingUserName.java:44)
at testNGTestClass.ValidatingUserName.BrowserLaunch(ValidatingUserName.java:44)
at testNGTestClass.ValidatingUserName.BrowserLaunch(ValidatingUserName.java:44)
at testNGTestClass.ValidatingUserName.BrowserLaunch(ValidatingUserName.java:44)
at testNGTestClass.ValidatingUserName.BrowserLaunch(ValidatingUserName.java:44)
at testNGTestClass.ValidatingUserName.BrowserLaunch(ValidatingUserName.java:44)
at testNGTestClass.ValidatingUserName.BrowserLaunch(ValidatingUserName.java:44)
at testNGTestClass.ValidatingUserName.BrowserLaunch(ValidatingUserName.java:44)
at testNGTestClass.ValidatingUserName.BrowserLaunch(ValidatingUserName.java:44)
at testNGTestClass.ValidatingUserName.BrowserLaunch(ValidatingUserName.java:44)
at testNGTestClass.ValidatingUserName.BrowserLaunch(ValidatingUserName.java:44)
at testNGTestClass.ValidatingUserName.BrowserLaunch(ValidatingUserName.java:44)
at testNGTestClass.ValidatingUserName.BrowserLaunch(ValidatingUserName.java:44)
at testNGTestClass.ValidatingUserName.BrowserLaunch(ValidatingUserName.java:44)
at testNGTestClass.ValidatingUserName.BrowserLaunch(ValidatingUserName.java:44)
at testNGTestClass.ValidatingUserName.BrowserLaunch(ValidatingUserName.java:44)
at testNGTestClass.ValidatingUserName.BrowserLaunch(ValidatingUserName.java:44)
at testNGTestClass.ValidatingUserName.BrowserLaunch(ValidatingUserName.java:44)
at testNGTestClass.ValidatingUserName.BrowserLaunch(ValidatingUserName.java:44)
at testNGTestClass.ValidatingUserName.BrowserLaunch(ValidatingUserName.java:44)
at testNGTestClass.ValidatingUserName.BrowserLaunch(ValidatingUserName.java:44)
at testNGTestClass.ValidatingUserName.BrowserLaunch(ValidatingUserName.java:44)
at testNGTestClass.ValidatingUserName.BrowserLaunch(ValidatingUserName.java:44)
at testNGTestClass.ValidatingUserName.BrowserLaunch(ValidatingUserName.java:44)
at testNGTestClass.ValidatingUserName.BrowserLaunch(ValidatingUserName.java:44)
at testNGTestClass.ValidatingUserName.BrowserLaunch(ValidatingUserName.java:44)
at testNGTestClass.ValidatingUserName.BrowserLaunch(ValidatingUserName.java:44)
at testNGTestClass.ValidatingUserName.BrowserLaunch(ValidatingUserName.java:44)
at testNGTestClass.ValidatingUserName.BrowserLaunch(ValidatingUserName.java:44)
at testNGTestClass.ValidatingUserName.BrowserLaunch(ValidatingUserName.java:44)
at testNGTestClass.ValidatingUserName.BrowserLaunch(ValidatingUserName.java:44)
at testNGTestClass.ValidatingUserName.BrowserLaunch(ValidatingUserName.java:44)
at testNGTestClass.ValidatingUserName.BrowserLaunch(ValidatingUserName.java:44)
at testNGTestClass.ValidatingUserName.BrowserLaunch(ValidatingUserName.java:44)
at testNGTestClass.ValidatingUserName.BrowserLaunch(ValidatingUserName.java:44)
at testNGTestClass.ValidatingUserName.BrowserLaunch(ValidatingUserName.java:44)
at testNGTestClass.ValidatingUserName.BrowserLaunch(ValidatingUserName.java:44)
at testNGTestClass.ValidatingUserName.BrowserLaunch(ValidatingUserName.java:44)
at testNGTestClass.ValidatingUserName.BrowserLaunch(ValidatingUserName.java:44)
at testNGTestClass.ValidatingUserName.BrowserLaunch(ValidatingUserName.java:44)
at testNGTestClass.ValidatingUserName.BrowserLaunch(ValidatingUserName.java:44)
at testNGTestClass.ValidatingUserName.BrowserLaunch(ValidatingUserName.java:44)
at testNGTestClass.ValidatingUserName.BrowserLaunch(ValidatingUserName.java:44)
at testNGTestClass.ValidatingUserName.BrowserLaunch(ValidatingUserName.java:44)
at testNGTestClass.ValidatingUserName.BrowserLaunch(ValidatingUserName.java:44)
at testNGTestClass.ValidatingUserName.BrowserLaunch(ValidatingUserName.java:44)
at testNGTestClass.ValidatingUserName.BrowserLaunch(ValidatingUserName.java:44)
at testNGTestClass.ValidatingUserName.BrowserLaunch(ValidatingUserName.java:44)
at testNGTestClass.ValidatingUserName.BrowserLaunch(ValidatingUserName.java:44)
at testNGTestClass.ValidatingUserName.BrowserLaunch(ValidatingUserName.java:44)
at testNGTestClass.ValidatingUserName.BrowserLaunch(ValidatingUserName.java:44)
at testNGTestClass.ValidatingUserName.BrowserLaunch(ValidatingUserName.java:44)
at testNGTestClass.ValidatingUserName.BrowserLaunch(ValidatingUserName.java:44)
at testNGTestClass.ValidatingUserName.BrowserLaunch(ValidatingUserName.java:44)
at testNGTestClass.ValidatingUserName.BrowserLaunch(ValidatingUserName.java:44)
at testNGTestClass.ValidatingUserName.BrowserLaunch(ValidatingUserName.java:44)
at testNGTestClass.ValidatingUserName.BrowserLaunch(ValidatingUserName.java:44)
at testNGTestClass.ValidatingUserName.BrowserLaunch(ValidatingUserName.java:44)
at testNGTestClass.ValidatingUserName.BrowserLaunch(ValidatingUserName.java:44)
at testNGTestClass.ValidatingUserName.BrowserLaunch(ValidatingUserName.java:44)
at testNGTestClass.ValidatingUserName.BrowserLaunch(ValidatingUserName.java:44)
at testNGTestClass.ValidatingUserName.BrowserLaunch(ValidatingUserName.java:44)
at testNGTestClass.ValidatingUserName.BrowserLaunch(ValidatingUserName.java:44)
at testNGTestClass.ValidatingUserName.BrowserLaunch(ValidatingUserName.java:44)
at testNGTestClass.ValidatingUserName.BrowserLaunch(ValidatingUserName.java:44)
at testNGTestClass.ValidatingUserName.BrowserLaunch(ValidatingUserName.java:44)
at testNGTestClass.ValidatingUserName.BrowserLaunch(ValidatingUserName.java:44)
at testNGTestClass.ValidatingUserName.BrowserLaunch(ValidatingUserName.java:44)
at testNGTestClass.ValidatingUserName.BrowserLaunch(ValidatingUserName.java:44)
at testNGTestClass.ValidatingUserName.BrowserLaunch(ValidatingUserName.java:44)
at testNGTestClass.ValidatingUserName.BrowserLaunch(ValidatingUserName.java:44)
at testNGTestClass.ValidatingUserName.BrowserLaunch(ValidatingUserName.java:44)
at testNGTestClass.ValidatingUserName.BrowserLaunch(ValidatingUserName.java:44)
at testNGTestClass.ValidatingUserName.BrowserLaunch(ValidatingUserName.java:44)
at testNGTestClass.ValidatingUserName.BrowserLaunch(ValidatingUserName.java:44)
at testNGTestClass.ValidatingUserName.BrowserLaunch(ValidatingUserName.java:44)
at testNGTestClass.ValidatingUserName.BrowserLaunch(ValidatingUserName.java:44)
at testNGTestClass.ValidatingUserName.BrowserLaunch(ValidatingUserName.java:44)
at testNGTestClass.ValidatingUserName.BrowserLaunch(ValidatingUserName.java:44)
at testNGTestClass.ValidatingUserName.BrowserLaunch(ValidatingUserName.java:44)
at testNGTestClass.ValidatingUserName.BrowserLaunch(ValidatingUserName.java:44)
at testNGTestClass.ValidatingUserName.BrowserLaunch(ValidatingUserName.java:44)
at testNGTestClass.ValidatingUserName.BrowserLaunch(ValidatingUserName.java:44)
at testNGTestClass.ValidatingUserName.BrowserLaunch(ValidatingUserName.java:44)
at testNGTestClass.ValidatingUserName.BrowserLaunch(ValidatingUserName.java:44)
at testNGTestClass.ValidatingUserName.BrowserLaunch(ValidatingUserName.java:44)
at testNGTestClass.ValidatingUserName.BrowserLaunch(ValidatingUserName.java:44)
at testNGTestClass.ValidatingUserName.BrowserLaunch(ValidatingUserName.java:44)
at testNGTestClass.ValidatingUserName.BrowserLaunch(ValidatingUserName.java:44)
at testNGTestClass.ValidatingUserName.BrowserLaunch(ValidatingUserName.java:44)
at testNGTestClass.ValidatingUserName.BrowserLaunch(ValidatingUserName.java:44)
at testNGTestClass.ValidatingUserName.BrowserLaunch(ValidatingUserName.java:44)
at testNGTestClass.ValidatingUserName.BrowserLaunch(ValidatingUserName.java:44)
at testNGTestClass.ValidatingUserName.BrowserLaunch(ValidatingUserName.java:44)
at testNGTestClass.ValidatingUserName.BrowserLaunch(ValidatingUserName.java:44)
at testNGTestClass.ValidatingUserName.BrowserLaunch(ValidatingUserName.java:44)
at testNGTestClass.ValidatingUserName.BrowserLaunch(ValidatingUserName.java:44)
at testNGTestClass.ValidatingUserName.BrowserLaunch(ValidatingUserName.java:44)
at testNGTestClass.ValidatingUserName.BrowserLaunch(ValidatingUserName.java:44)
at testNGTestClass.ValidatingUserName.BrowserLaunch(ValidatingUserName.java:44)
at testNGTestClass.ValidatingUserName.BrowserLaunch(ValidatingUserName.java:44)
at testNGTestClass.ValidatingUserName.BrowserLaunch(ValidatingUserName.java:44)
at testNGTestClass.ValidatingUserName.BrowserLaunch(ValidatingUserName.java:44)
at testNGTestClass.ValidatingUserName.BrowserLaunch(ValidatingUserName.java:44)
at testNGTestClass.ValidatingUserName.BrowserLaunch(ValidatingUserName.java:44)
at testNGTestClass.ValidatingUserName.BrowserLaunch(ValidatingUserName.java:44)
at testNGTestClass.ValidatingUserName.BrowserLaunch(ValidatingUserName.java:44)
at testNGTestClass.ValidatingUserName.BrowserLaunch(ValidatingUserName.java:44)
at testNGTestClass.ValidatingUserName.BrowserLaunch(ValidatingUserName.java:44)
at testNGTestClass.ValidatingUserName.BrowserLaunch(ValidatingUserName.java:44)
at testNGTestClass.ValidatingUserName.BrowserLaunch(ValidatingUserName.java:44)
at testNGTestClass.ValidatingUserName.BrowserLaunch(ValidatingUserName.java:44)
at testNGTestClass.ValidatingUserName.BrowserLaunch(ValidatingUserName.java:44)
at testNGTestClass.ValidatingUserName.BrowserLaunch(ValidatingUserName.java:44)
at testNGTestClass.ValidatingUserName.BrowserLaunch(ValidatingUserName.java:44)
at testNGTestClass.ValidatingUserName.BrowserLaunch(ValidatingUserName.java:44)
at testNGTestClass.ValidatingUserName.BrowserLaunch(ValidatingUserName.java:44)
at testNGTestClass.ValidatingUserName.BrowserLaunch(ValidatingUserName.java:44)
at testNGTestClass.ValidatingUserName.BrowserLaunch(ValidatingUserName.java:44)
at testNGTestClass.ValidatingUserName.BrowserLaunch(ValidatingUserName.java:44)
at testNGTestClass.ValidatingUserName.BrowserLaunch(ValidatingUserName.java:44)
at testNGTestClass.ValidatingUserName.BrowserLaunch(ValidatingUserName.java:44)
at testNGTestClass.ValidatingUserName.BrowserLaunch(ValidatingUserName.java:44)
at testNGTestClass.ValidatingUserName.BrowserLaunch(ValidatingUserName.java:44)
at testNGTestClass.ValidatingUserName.BrowserLaunch(ValidatingUserName.java:44)
at testNGTestClass.ValidatingUserName.BrowserLaunch(ValidatingUserName.java:44)
at testNGTestClass.ValidatingUserName.BrowserLaunch(ValidatingUserName.java:44)
at testNGTestClass.ValidatingUserName.BrowserLaunch(ValidatingUserName.java:44)
at testNGTestClass.ValidatingUserName.BrowserLaunch(ValidatingUserName.java:44)
at testNGTestClass.ValidatingUserName.BrowserLaunch(ValidatingUserName.java:44)
at testNGTestClass.ValidatingUserName.BrowserLaunch(ValidatingUserName.java:44)
at testNGTestClass.ValidatingUserName.BrowserLaunch(ValidatingUserName.java:44)
at testNGTestClass.ValidatingUserName.BrowserLaunch(ValidatingUserName.java:44)
at testNGTestClass.ValidatingUserName.BrowserLaunch(ValidatingUserName.java:44)
at testNGTestClass.ValidatingUserName.BrowserLaunch(ValidatingUserName.java:44)
at testNGTestClass.ValidatingUserName.BrowserLaunch(ValidatingUserName.java:44)
at testNGTestClass.ValidatingUserName.BrowserLaunch(ValidatingUserName.java:44)
at testNGTestClass.ValidatingUserName.BrowserLaunch(ValidatingUserName.java:44)
at testNGTestClass.ValidatingUserName.BrowserLaunch(ValidatingUserName.java:44)
at testNGTestClass.ValidatingUserName.BrowserLaunch(ValidatingUserName.java:44)
at testNGTestClass.ValidatingUserName.BrowserLaunch(ValidatingUserName.java:44)
at testNGTestClass.ValidatingUserName.BrowserLaunch(ValidatingUserName.java:44)
at testNGTestClass.ValidatingUserName.BrowserLaunch(ValidatingUserName.java:44)
at testNGTestClass.ValidatingUserName.BrowserLaunch(ValidatingUserName.java:44)
at testNGTestClass.ValidatingUserName.BrowserLaunch(ValidatingUserName.java:44)
at testNGTestClass.ValidatingUserName.BrowserLaunch(ValidatingUserName.java:44)
at testNGTestClass.ValidatingUserName.BrowserLaunch(ValidatingUserName.java:44)
at testNGTestClass.ValidatingUserName.BrowserLaunch(ValidatingUserName.java:44)
at testNGTestClass.ValidatingUserName.BrowserLaunch(ValidatingUserName.java:44)
at testNGTestClass.ValidatingUserName.BrowserLaunch(ValidatingUserName.java:44)
at testNGTestClass.ValidatingUserName.BrowserLaunch(ValidatingUserName.java:44)
at testNGTestClass.ValidatingUserName.BrowserLaunch(ValidatingUserName.java:44)
at testNGTestClass.ValidatingUserName.BrowserLaunch(ValidatingUserName.java:44)
at testNGTestClass.ValidatingUserName.BrowserLaunch(ValidatingUserName.java:44)
at testNGTestClass.ValidatingUserName.BrowserLaunch(ValidatingUserName.java:44)
at testNGTestClass.ValidatingUserName.BrowserLaunch(ValidatingUserName.java:44)
at testNGTestClass.ValidatingUserName.BrowserLaunch(ValidatingUserName.java:44)
at testNGTestClass.ValidatingUserName.BrowserLaunch(ValidatingUserName.java:44)
at testNGTestClass.ValidatingUserName.BrowserLaunch(ValidatingUserName.java:44)
at testNGTestClass.ValidatingUserName.BrowserLaunch(ValidatingUserName.java:44)
at testNGTestClass.ValidatingUserName.BrowserLaunch(ValidatingUserName.java:44)
at testNGTestClass.ValidatingUserName.BrowserLaunch(ValidatingUserName.java:44)
at testNGTestClass.ValidatingUserName.BrowserLaunch(ValidatingUserName.java:44)
at testNGTestClass.ValidatingUserName.BrowserLaunch(ValidatingUserName.java:44)
at testNGTestClass.ValidatingUserName.BrowserLaunch(ValidatingUserName.java:44)
at testNGTestClass.ValidatingUserName.BrowserLaunch(ValidatingUserName.java:44)
at testNGTestClass.ValidatingUserName.BrowserLaunch(ValidatingUserName.java:44)
at testNGTestClass.ValidatingUserName.BrowserLaunch(ValidatingUserName.java:44)
at testNGTestClass.ValidatingUserName.BrowserLaunch(ValidatingUserName.java:44)
at testNGTestClass.ValidatingUserName.BrowserLaunch(ValidatingUserName.java:44)
at testNGTestClass.ValidatingUserName.BrowserLaunch(ValidatingUserName.java:44)
at testNGTestClass.ValidatingUserName.BrowserLaunch(ValidatingUserName.java:44)
at testNGTestClass.ValidatingUserName.BrowserLaunch(ValidatingUserName.java:44)
at testNGTestClass.ValidatingUserName.BrowserLaunch(ValidatingUserName.java:44)
at testNGTestClass.ValidatingUserName.BrowserLaunch(ValidatingUserName.java:44)
at testNGTestClass.ValidatingUserName.BrowserLaunch(ValidatingUserName.java:44)
at testNGTestClass.ValidatingUserName.BrowserLaunch(ValidatingUserName.java:44)
at testNGTestClass.ValidatingUserName.BrowserLaunch(ValidatingUserName.java:44)
at testNGTestClass.ValidatingUserName.BrowserLaunch(ValidatingUserName.java:44)
at testNGTestClass.ValidatingUserName.BrowserLaunch(ValidatingUserName.java:44)
at testNGTestClass.ValidatingUserName.BrowserLaunch(ValidatingUserName.java:44)
at testNGTestClass.ValidatingUserName.BrowserLaunch(ValidatingUserName.java:44)
at testNGTestClass.ValidatingUserName.BrowserLaunch(ValidatingUserName.java:44)
at testNGTestClass.ValidatingUserName.BrowserLaunch(ValidatingUserName.java:44)
at testNGTestClass.ValidatingUserName.BrowserLaunch(ValidatingUserName.java:44)
at testNGTestClass.ValidatingUserName.BrowserLaunch(ValidatingUserName.java:44)
at testNGTestClass.ValidatingUserName.BrowserLaunch(ValidatingUserName.java:44)
at testNGTestClass.ValidatingUserName.BrowserLaunch(ValidatingUserName.java:44)
at testNGTestClass.ValidatingUserName.BrowserLaunch(ValidatingUserName.java:44)
at testNGTestClass.ValidatingUserName.BrowserLaunch(ValidatingUserName.java:44)
at testNGTestClass.ValidatingUserName.BrowserLaunch(ValidatingUserName.java:44)
at testNGTestClass.ValidatingUserName.BrowserLaunch(ValidatingUserName.java:44)
at testNGTestClass.ValidatingUserName.BrowserLaunch(ValidatingUserName.java:44)
at testNGTestClass.ValidatingUserName.BrowserLaunch(ValidatingUserName.java:44)
at testNGTestClass.ValidatingUserName.BrowserLaunch(ValidatingUserName.java:44)
at testNGTestClass.ValidatingUserName.BrowserLaunch(ValidatingUserName.java:44)
at testNGTestClass.ValidatingUserName.BrowserLaunch(ValidatingUserName.java:44)
at testNGTestClass.ValidatingUserName.BrowserLaunch(ValidatingUserName.java:44)
at testNGTestClass.ValidatingUserName.BrowserLaunch(ValidatingUserName.java:44)
at testNGTestClass.ValidatingUserName.BrowserLaunch(ValidatingUserName.java:44)
at testNGTestClass.ValidatingUserName.BrowserLaunch(ValidatingUserName.java:44)
at testNGTestClass.ValidatingUserName.BrowserLaunch(ValidatingUserName.java:44)
at testNGTestClass.ValidatingUserName.BrowserLaunch(ValidatingUserName.java:44)
at testNGTestClass.ValidatingUserName.BrowserLaunch(ValidatingUserName.java:44)
at testNGTestClass.ValidatingUserName.BrowserLaunch(ValidatingUserName.java:44)
at testNGTestClass.ValidatingUserName.BrowserLaunch(ValidatingUserName.java:44)
at testNGTestClass.ValidatingUserName.BrowserLaunch(ValidatingUserName.java:44)
at testNGTestClass.ValidatingUserName.BrowserLaunch(ValidatingUserName.java:44)
at testNGTestClass.ValidatingUserName.BrowserLaunch(ValidatingUserName.java:44)
at testNGTestClass.ValidatingUserName.BrowserLaunch(ValidatingUserName.java:44)
at testNGTestClass.ValidatingUserName.BrowserLaunch(ValidatingUserName.java:44)
at testNGTestClass.ValidatingUserName.BrowserLaunch(ValidatingUserName.java:44)
at testNGTestClass.ValidatingUserName.BrowserLaunch(ValidatingUserName.java:44)
at testNGTestClass.ValidatingUserName.BrowserLaunch(ValidatingUserName.java:44)
at testNGTestClass.ValidatingUserName.BrowserLaunch(ValidatingUserName.java:44)
at testNGTestClass.ValidatingUserName.BrowserLaunch(ValidatingUserName.java:44)
at testNGTestClass.ValidatingUserName.BrowserLaunch(ValidatingUserName.java:44)
at testNGTestClass.ValidatingUserName.BrowserLaunch(ValidatingUserName.java:44)
at testNGTestClass.ValidatingUserName.BrowserLaunch(ValidatingUserName.java:44)
at testNGTestClass.ValidatingUserName.BrowserLaunch(ValidatingUserName.java:44)
at testNGTestClass.ValidatingUserName.BrowserLaunch(ValidatingUserName.java:44)
at testNGTestClass.ValidatingUserName.BrowserLaunch(ValidatingUserName.java:44)
at testNGTestClass.ValidatingUserName.BrowserLaunch(ValidatingUserName.java:44)
at testNGTestClass.ValidatingUserName.BrowserLaunch(ValidatingUserName.java:44)
at testNGTestClass.ValidatingUserName.BrowserLaunch(ValidatingUserName.java:44)
at testNGTestClass.ValidatingUserName.BrowserLaunch(ValidatingUserName.java:44)
at testNGTestClass.ValidatingUserName.BrowserLaunch(ValidatingUserName.java:44)
at testNGTestClass.ValidatingUserName.BrowserLaunch(ValidatingUserName.java:44)
at testNGTestClass.ValidatingUserName.BrowserLaunch(ValidatingUserName.java:44)
at testNGTestClass.ValidatingUserName.BrowserLaunch(ValidatingUserName.java:44)
at testNGTestClass.ValidatingUserName.BrowserLaunch(ValidatingUserName.java:44)
at testNGTestClass.ValidatingUserName.BrowserLaunch(ValidatingUserName.java:44)
at testNGTestClass.ValidatingUserName.BrowserLaunch(ValidatingUserName.java:44)
at testNGTestClass.ValidatingUserName.BrowserLaunch(ValidatingUserName.java:44)
at testNGTestClass.ValidatingUserName.BrowserLaunch(ValidatingUserName.java:44)
at testNGTestClass.ValidatingUserName.BrowserLaunch(ValidatingUserName.java:44)
at testNGTestClass.ValidatingUserName.BrowserLaunch(ValidatingUserName.java:44)
at testNGTestClass.ValidatingUserName.BrowserLaunch(ValidatingUserName.java:44)
at testNGTestClass.ValidatingUserName.BrowserLaunch(ValidatingUserName.java:44)
at testNGTestClass.ValidatingUserName.BrowserLaunch(ValidatingUserName.java:44)
at testNGTestClass.ValidatingUserName.BrowserLaunch(ValidatingUserName.java:44)
at testNGTestClass.ValidatingUserName.BrowserLaunch(ValidatingUserName.java:44)
at testNGTestClass.ValidatingUserName.BrowserLaunch(ValidatingUserName.java:44)
at testNGTestClass.ValidatingUserName.BrowserLaunch(ValidatingUserName.java:44)
at testNGTestClass.ValidatingUserName.BrowserLaunch(ValidatingUserName.java:44)
at testNGTestClass.ValidatingUserName.BrowserLaunch(ValidatingUserName.java:44)
at testNGTestClass.ValidatingUserName.BrowserLaunch(ValidatingUserName.java:44)
at testNGTestClass.ValidatingUserName.BrowserLaunch(ValidatingUserName.java:44)
at testNGTestClass.ValidatingUserName.BrowserLaunch(ValidatingUserName.java:44)
at testNGTestClass.ValidatingUserName.BrowserLaunch(ValidatingUserName.java:44)
at testNGTestClass.ValidatingUserName.BrowserLaunch(ValidatingUserName.java:44)
at testNGTestClass.ValidatingUserName.BrowserLaunch(ValidatingUserName.java:44)
at testNGTestClass.ValidatingUserName.BrowserLaunch(ValidatingUserName.java:44)
at testNGTestClass.ValidatingUserName.BrowserLaunch(ValidatingUserName.java:44)
at testNGTestClass.ValidatingUserName.BrowserLaunch(ValidatingUserName.java:44)
at testNGTestClass.ValidatingUserName.BrowserLaunch(ValidatingUserName.java:44)
at testNGTestClass.ValidatingUserName.BrowserLaunch(ValidatingUserName.java:44)
at testNGTestClass.ValidatingUserName.BrowserLaunch(ValidatingUserName.java:44)
at testNGTestClass.ValidatingUserName.BrowserLaunch(ValidatingUserName.java:44)
at testNGTestClass.ValidatingUserName.BrowserLaunch(ValidatingUserName.java:44)
at testNGTestClass.ValidatingUserName.BrowserLaunch(ValidatingUserName.java:44)
at testNGTestClass.ValidatingUserName.BrowserLaunch(ValidatingUserName.java:44)
at testNGTestClass.ValidatingUserName.BrowserLaunch(ValidatingUserName.java:44)
at testNGTestClass.ValidatingUserName.BrowserLaunch(ValidatingUserName.java:44)
at testNGTestClass.ValidatingUserName.BrowserLaunch(ValidatingUserName.java:44)
at testNGTestClass.ValidatingUserName.BrowserLaunch(ValidatingUserName.java:44)
at testNGTestClass.ValidatingUserName.BrowserLaunch(ValidatingUserName.java:44)
at testNGTestClass.ValidatingUserName.BrowserLaunch(ValidatingUserName.java:44)
at testNGTestClass.ValidatingUserName.BrowserLaunch(ValidatingUserName.java:44)
at testNGTestClass.ValidatingUserName.BrowserLaunch(ValidatingUserName.java:44)
at testNGTestClass.ValidatingUserName.BrowserLaunch(ValidatingUserName.java:44)
at testNGTestClass.ValidatingUserName.BrowserLaunch(ValidatingUserName.java:44)
at testNGTestClass.ValidatingUserName.BrowserLaunch(ValidatingUserName.java:44)
at testNGTestClass.ValidatingUserName.BrowserLaunch(ValidatingUserName.java:44)
at testNGTestClass.ValidatingUserName.BrowserLaunch(ValidatingUserName.java:44)
at testNGTestClass.ValidatingUserName.BrowserLaunch(ValidatingUserName.java:44)
at testNGTestClass.ValidatingUserName.BrowserLaunch(ValidatingUserName.java:44)
at testNGTestClass.ValidatingUserName.BrowserLaunch(ValidatingUserName.java:44)
at testNGTestClass.ValidatingUserName.BrowserLaunch(ValidatingUserName.java:44)
at testNGTestClass.ValidatingUserName.BrowserLaunch(ValidatingUserName.java:44)
at testNGTestClass.ValidatingUserName.BrowserLaunch(ValidatingUserName.java:44)
at testNGTestClass.ValidatingUserName.BrowserLaunch(ValidatingUserName.java:44)
at testNGTestClass.ValidatingUserName.BrowserLaunch(ValidatingUserName.java:44)
at testNGTestClass.ValidatingUserName.BrowserLaunch(ValidatingUserName.java:44)
at testNGTestClass.ValidatingUserName.BrowserLaunch(ValidatingUserName.java:44)
at testNGTestClass.ValidatingUserName.BrowserLaunch(ValidatingUserName.java:44)
at testNGTestClass.ValidatingUserName.BrowserLaunch(ValidatingUserName.java:44)
at testNGTestClass.ValidatingUserName.BrowserLaunch(ValidatingUserName.java:44)
at testNGTestClass.ValidatingUserName.BrowserLaunch(ValidatingUserName.java:44)
at testNGTestClass.ValidatingUserName.BrowserLaunch(ValidatingUserName.java:44)
at testNGTestClass.ValidatingUserName.BrowserLaunch(ValidatingUserName.java:44)
at testNGTestClass.ValidatingUserName.BrowserLaunch(ValidatingUserName.java:44)
at testNGTestClass.ValidatingUserName.BrowserLaunch(ValidatingUserName.java:44)
at testNGTestClass.ValidatingUserName.BrowserLaunch(ValidatingUserName.java:44)
at testNGTestClass.ValidatingUserName.BrowserLaunch(ValidatingUserName.java:44)
at testNGTestClass.ValidatingUserName.BrowserLaunch(ValidatingUserName.java:44)
at testNGTestClass.ValidatingUserName.BrowserLaunch(ValidatingUserName.java:44)
at testNGTestClass.ValidatingUserName.BrowserLaunch(ValidatingUserName.java:44)
at testNGTestClass.ValidatingUserName.BrowserLaunch(ValidatingUserName.java:44)
at testNGTestClass.ValidatingUserName.BrowserLaunch(ValidatingUserName.java:44)
at testNGTestClass.ValidatingUserName.BrowserLaunch(ValidatingUserName.java:44)
at testNGTestClass.ValidatingUserName.BrowserLaunch(ValidatingUserName.java:44)
at testNGTestClass.ValidatingUserName.BrowserLaunch(ValidatingUserName.java:44)
at testNGTestClass.ValidatingUserName.BrowserLaunch(ValidatingUserName.java:44)
at testNGTestClass.ValidatingUserName.BrowserLaunch(ValidatingUserName.java:44)
at testNGTestClass.ValidatingUserName.BrowserLaunch(ValidatingUserName.java:44)
at testNGTestClass.ValidatingUserName.BrowserLaunch(ValidatingUserName.java:44)
at testNGTestClass.ValidatingUserName.BrowserLaunch(ValidatingUserName.java:44)
at testNGTestClass.ValidatingUserName.BrowserLaunch(ValidatingUserName.java:44)
at testNGTestClass.ValidatingUserName.BrowserLaunch(ValidatingUserName.java:44)
at testNGTestClass.ValidatingUserName.BrowserLaunch(ValidatingUserName.java:44)
at testNGTestClass.ValidatingUserName.BrowserLaunch(ValidatingUserName.java:44)
at testNGTestClass.ValidatingUserName.BrowserLaunch(ValidatingUserName.java:44)
at testNGTestClass.ValidatingUserName.BrowserLaunch(ValidatingUserName.java:44)
at testNGTestClass.ValidatingUserName.BrowserLaunch(ValidatingUserName.java:44)
at testNGTestClass.ValidatingUserName.BrowserLaunch(ValidatingUserName.java:44)
at testNGTestClass.ValidatingUserName.BrowserLaunch(ValidatingUserName.java:44)
at testNGTestClass.ValidatingUserName.BrowserLaunch(ValidatingUserName.java:44)
at testNGTestClass.ValidatingUserName.BrowserLaunch(ValidatingUserName.java:44)
at testNGTestClass.ValidatingUserName.BrowserLaunch(ValidatingUserName.java:44)
at testNGTestClass.ValidatingUserName.BrowserLaunch(ValidatingUserName.java:44)
at testNGTestClass.ValidatingUserName.BrowserLaunch(ValidatingUserName.java:44)
at testNGTestClass.ValidatingUserName.BrowserLaunch(ValidatingUserName.java:44)
at testNGTestClass.ValidatingUserName.BrowserLaunch(ValidatingUserName.java:44)
at testNGTestClass.ValidatingUserName.BrowserLaunch(ValidatingUserName.java:44)
at testNGTestClass.ValidatingUserName.BrowserLaunch(ValidatingUserName.java:44)
at testNGTestClass.ValidatingUserName.BrowserLaunch(ValidatingUserName.java:44)
at testNGTestClass.ValidatingUserName.BrowserLaunch(ValidatingUserName.java:44)
at testNGTestClass.ValidatingUserName.BrowserLaunch(ValidatingUserName.java:44)
at testNGTestClass.ValidatingUserName.BrowserLaunch(ValidatingUserName.java:44)
at testNGTestClass.ValidatingUserName.BrowserLaunch(ValidatingUserName.java:44)
at testNGTestClass.ValidatingUserName.BrowserLaunch(ValidatingUserName.java:44)
at testNGTestClass.ValidatingUserName.BrowserLaunch(ValidatingUserName.java:44)
at testNGTestClass.ValidatingUserName.BrowserLaunch(ValidatingUserName.java:44)
at testNGTestClass.ValidatingUserName.BrowserLaunch(ValidatingUserName.java:44)
at testNGTestClass.ValidatingUserName.BrowserLaunch(ValidatingUserName.java:44)
at testNGTestClass.ValidatingUserName.BrowserLaunch(ValidatingUserName.java:44)
at testNGTestClass.ValidatingUserName.BrowserLaunch(ValidatingUserName.java:44)
at testNGTestClass.ValidatingUserName.BrowserLaunch(ValidatingUserName.java:44)
at testNGTestClass.ValidatingUserName.BrowserLaunch(ValidatingUserName.java:44)
at testNGTestClass.ValidatingUserName.BrowserLaunch(ValidatingUserName.java:44)
at testNGTestClass.ValidatingUserName.BrowserLaunch(ValidatingUserName.java:44)
at testNGTestClass.ValidatingUserName.BrowserLaunch(ValidatingUserName.java:44)
at testNGTestClass.ValidatingUserName.BrowserLaunch(ValidatingUserName.java:44)
at testNGTestClass.ValidatingUserName.BrowserLaunch(ValidatingUserName.java:44)
at testNGTestClass.ValidatingUserName.BrowserLaunch(ValidatingUserName.java:44)
at testNGTestClass.ValidatingUserName.BrowserLaunch(ValidatingUserName.java:44)
at testNGTestClass.ValidatingUserName.BrowserLaunch(ValidatingUserName.java:44)
at testNGTestClass.ValidatingUserName.BrowserLaunch(ValidatingUserName.java:44)
at testNGTestClass.ValidatingUserName.BrowserLaunch(ValidatingUserName.java:44)
at testNGTestClass.ValidatingUserName.BrowserLaunch(ValidatingUserName.java:44)
at testNGTestClass.ValidatingUserName.BrowserLaunch(ValidatingUserName.java:44)
at testNGTestClass.ValidatingUserName.BrowserLaunch(ValidatingUserName.java:44)
at testNGTestClass.ValidatingUserName.BrowserLaunch(ValidatingUserName.java:44)
at testNGTestClass.ValidatingUserName.BrowserLaunch(ValidatingUserName.java:44)
at testNGTestClass.ValidatingUserName.BrowserLaunch(ValidatingUserName.java:44)
at testNGTestClass.ValidatingUserName.BrowserLaunch(ValidatingUserName.java:44)
at testNGTestClass.ValidatingUserName.BrowserLaunch(ValidatingUserName.java:44)
at testNGTestClass.ValidatingUserName.BrowserLaunch(ValidatingUserName.java:44)
at testNGTestClass.ValidatingUserName.BrowserLaunch(ValidatingUserName.java:44)
at testNGTestClass.ValidatingUserName.BrowserLaunch(ValidatingUserName.java:44)
at testNGTestClass.ValidatingUserName.BrowserLaunch(ValidatingUserName.java:44)
at testNGTestClass.ValidatingUserName.BrowserLaunch(ValidatingUserName.java:44)
at testNGTestClass.ValidatingUserName.BrowserLaunch(ValidatingUserName.java:44)
at testNGTestClass.ValidatingUserName.BrowserLaunch(ValidatingUserName.java:44)
at testNGTestClass.ValidatingUserName.BrowserLaunch(ValidatingUserName.java:44)
at testNGTestClass.ValidatingUserName.BrowserLaunch(ValidatingUserName.java:44)
at testNGTestClass.ValidatingUserName.BrowserLaunch(ValidatingUserName.java:44)
at testNGTestClass.ValidatingUserName.BrowserLaunch(ValidatingUserName.java:44)
at testNGTestClass.ValidatingUserName.BrowserLaunch(ValidatingUserName.java:44)
at testNGTestClass.ValidatingUserName.BrowserLaunch(ValidatingUserName.java:44)
at testNGTestClass.ValidatingUserName.BrowserLaunch(ValidatingUserName.java:44)
at testNGTestClass.ValidatingUserName.BrowserLaunch(ValidatingUserName.java:44)
at testNGTestClass.ValidatingUserName.BrowserLaunch(ValidatingUserName.java:44)
at testNGTestClass.ValidatingUserName.BrowserLaunch(ValidatingUserName.java:44)
at testNGTestClass.ValidatingUserName.BrowserLaunch(ValidatingUserName.java:44)
at testNGTestClass.ValidatingUserName.BrowserLaunch(ValidatingUserName.java:44)
at testNGTestClass.ValidatingUserName.BrowserLaunch(ValidatingUserName.java:44)
at testNGTestClass.ValidatingUserName.BrowserLaunch(ValidatingUserName.java:44)
at testNGTestClass.ValidatingUserName.BrowserLaunch(ValidatingUserName.java:44)
at testNGTestClass.ValidatingUserName.BrowserLaunch(ValidatingUserName.java:44)
at testNGTestClass.ValidatingUserName.BrowserLaunch(ValidatingUserName.java:44)
at testNGTestClass.ValidatingUserName.BrowserLaunch(ValidatingUserName.java:44)
at testNGTestClass.ValidatingUserName.BrowserLaunch(ValidatingUserName.java:44)
at testNGTestClass.ValidatingUserName.BrowserLaunch(ValidatingUserName.java:44)
at testNGTestClass.ValidatingUserName.BrowserLaunch(ValidatingUserName.java:44)
at testNGTestClass.ValidatingUserName.BrowserLaunch(ValidatingUserName.java:44)
at testNGTestClass.ValidatingUserName.BrowserLaunch(ValidatingUserName.java:44)
at testNGTestClass.ValidatingUserName.BrowserLaunch(ValidatingUserName.java:44)
at testNGTestClass.ValidatingUserName.BrowserLaunch(ValidatingUserName.java:44)
at testNGTestClass.ValidatingUserName.BrowserLaunch(ValidatingUserName.java:44)
at testNGTestClass.ValidatingUserName.BrowserLaunch(ValidatingUserName.java:44)
at testNGTestClass.ValidatingUserName.BrowserLaunch(ValidatingUserName.java:44)
at testNGTestClass.ValidatingUserName.BrowserLaunch(ValidatingUserName.java:44)
at testNGTestClass.ValidatingUserName.BrowserLaunch(ValidatingUserName.java:44)
at testNGTestClass.ValidatingUserName.BrowserLaunch(ValidatingUserName.java:44)
at testNGTestClass.ValidatingUserName.BrowserLaunch(ValidatingUserName.java:44)
at testNGTestClass.ValidatingUserName.BrowserLaunch(ValidatingUserName.java:44)
at testNGTestClass.ValidatingUserName.BrowserLaunch(ValidatingUserName.java:44)
at testNGTestClass.ValidatingUserName.BrowserLaunch(ValidatingUserName.java:44)
at testNGTestClass.ValidatingUserName.BrowserLaunch(ValidatingUserName.java:44)
at testNGTestClass.ValidatingUserName.BrowserLaunch(ValidatingUserName.java:44)
at testNGTestClass.ValidatingUserName.BrowserLaunch(ValidatingUserName.java:44)
at testNGTestClass.ValidatingUserName.BrowserLaunch(ValidatingUserName.java:44)
at testNGTestClass.ValidatingUserName.BrowserLaunch(ValidatingUserName.java:44)
at testNGTestClass.ValidatingUserName.BrowserLaunch(ValidatingUserName.java:44)
at testNGTestClass.ValidatingUserName.BrowserLaunch(ValidatingUserName.java:44)
at testNGTestClass.ValidatingUserName.BrowserLaunch(ValidatingUserName.java:44)
at testNGTestClass.ValidatingUserName.BrowserLaunch(ValidatingUserName.java:44)
at testNGTestClass.ValidatingUserName.BrowserLaunch(ValidatingUserName.java:44)
at testNGTestClass.ValidatingUserName.BrowserLaunch(ValidatingUserName.java:44)
at testNGTestClass.ValidatingUserName.BrowserLaunch(ValidatingUserName.java:44)
at testNGTestClass.ValidatingUserName.BrowserLaunch(ValidatingUserName.java:44)
at testNGTestClass.ValidatingUserName.BrowserLaunch(ValidatingUserName.java:44)
at testNGTestClass.ValidatingUserName.BrowserLaunch(ValidatingUserName.java:44)
at testNGTestClass.ValidatingUserName.BrowserLaunch(ValidatingUserName.java:44)
at testNGTestClass.ValidatingUserName.BrowserLaunch(ValidatingUserName.java:44)
at testNGTestClass.ValidatingUserName.BrowserLaunch(ValidatingUserName.java:44)
at testNGTestClass.ValidatingUserName.BrowserLaunch(ValidatingUserName.java:44)
at testNGTestClass.ValidatingUserName.BrowserLaunch(ValidatingUserName.java:44)
at testNGTestClass.ValidatingUserName.BrowserLaunch(ValidatingUserName.java:44)
at testNGTestClass.ValidatingUserName.BrowserLaunch(ValidatingUserName.java:44)
at testNGTestClass.ValidatingUserName.BrowserLaunch(ValidatingUserName.java:44)
at testNGTestClass.ValidatingUserName.BrowserLaunch(ValidatingUserName.java:44)
at testNGTestClass.ValidatingUserName.BrowserLaunch(ValidatingUserName.java:44)
at testNGTestClass.ValidatingUserName.BrowserLaunch(ValidatingUserName.java:44)
at testNGTestClass.ValidatingUserName.BrowserLaunch(ValidatingUserName.java:44)
at testNGTestClass.ValidatingUserName.BrowserLaunch(ValidatingUserName.java:44)
at testNGTestClass.ValidatingUserName.BrowserLaunch(ValidatingUserName.java:44)
at testNGTestClass.ValidatingUserName.BrowserLaunch(ValidatingUserName.java:44)
at testNGTestClass.ValidatingUserName.BrowserLaunch(ValidatingUserName.java:44)
at testNGTestClass.ValidatingUserName.BrowserLaunch(ValidatingUserName.java:44)
at testNGTestClass.ValidatingUserName.BrowserLaunch(ValidatingUserName.java:44)
at testNGTestClass.ValidatingUserName.BrowserLaunch(ValidatingUserName.java:44)
at testNGTestClass.ValidatingUserName.BrowserLaunch(ValidatingUserName.java:44)
at testNGTestClass.ValidatingUserName.BrowserLaunch(ValidatingUserName.java:44)
at testNGTestClass.ValidatingUserName.BrowserLaunch(ValidatingUserName.java:44)
at testNGTestClass.ValidatingUserName.BrowserLaunch(ValidatingUserName.java:44)
at testNGTestClass.ValidatingUserName.BrowserLaunch(ValidatingUserName.java:44)
at testNGTestClass.ValidatingUserName.BrowserLaunch(ValidatingUserName.java:44)
at testNGTestClass.ValidatingUserName.BrowserLaunch(ValidatingUserName.java:44)
at testNGTestClass.ValidatingUserName.BrowserLaunch(ValidatingUserName.java:44)
at testNGTestClass.ValidatingUserName.BrowserLaunch(ValidatingUserName.java:44)
at testNGTestClass.ValidatingUserName.BrowserLaunch(ValidatingUserName.java:44)
at testNGTestClass.ValidatingUserName.BrowserLaunch(ValidatingUserName.java:44)
at testNGTestClass.ValidatingUserName.BrowserLaunch(ValidatingUserName.java:44)
at testNGTestClass.ValidatingUserName.BrowserLaunch(ValidatingUserName.java:44)
at testNGTestClass.ValidatingUserName.BrowserLaunch(ValidatingUserName.java:44)
at testNGTestClass.ValidatingUserName.BrowserLaunch(ValidatingUserName.java:44)
at testNGTestClass.ValidatingUserName.BrowserLaunch(ValidatingUserName.java:44)
at testNGTestClass.ValidatingUserName.BrowserLaunch(ValidatingUserName.java:44)
at testNGTestClass.ValidatingUserName.BrowserLaunch(ValidatingUserName.java:44)
at testNGTestClass.ValidatingUserName.BrowserLaunch(ValidatingUserName.java:44)
at testNGTestClass.ValidatingUserName.BrowserLaunch(ValidatingUserName.java:44)
at testNGTestClass.ValidatingUserName.BrowserLaunch(ValidatingUserName.java:44)
at testNGTestClass.ValidatingUserName.BrowserLaunch(ValidatingUserName.java:44)
at testNGTestClass.ValidatingUserName.BrowserLaunch(ValidatingUserName.java:44)
at testNGTestClass.ValidatingUserName.BrowserLaunch(ValidatingUserName.java:44)
at testNGTestClass.ValidatingUserName.BrowserLaunch(ValidatingUserName.java:44)
at testNGTestClass.ValidatingUserName.BrowserLaunch(ValidatingUserName.java:44)
at testNGTestClass.ValidatingUserName.BrowserLaunch(ValidatingUserName.java:44)
at testNGTestClass.ValidatingUserName.BrowserLaunch(ValidatingUserName.java:44)
at testNGTestClass.ValidatingUserName.BrowserLaunch(ValidatingUserName.java:44)
at testNGTestClass.ValidatingUserName.BrowserLaunch(ValidatingUserName.java:44)
at testNGTestClass.ValidatingUserName.BrowserLaunch(ValidatingUserName.java:44)
at testNGTestClass.ValidatingUserName.BrowserLaunch(ValidatingUserName.java:44)
at testNGTestClass.ValidatingUserName.BrowserLaunch(ValidatingUserName.java:44)
at testNGTestClass.ValidatingUserName.BrowserLaunch(ValidatingUserName.java:44)
at testNGTestClass.ValidatingUserName.BrowserLaunch(ValidatingUserName.java:44)
at testNGTestClass.ValidatingUserName.BrowserLaunch(ValidatingUserName.java:44)
at testNGTestClass.ValidatingUserName.BrowserLaunch(ValidatingUserName.java:44)
at testNGTestClass.ValidatingUserName.BrowserLaunch(ValidatingUserName.java:44)
at testNGTestClass.ValidatingUserName.BrowserLaunch(ValidatingUserName.java:44)
at testNGTestClass.ValidatingUserName.BrowserLaunch(ValidatingUserName.java:44)
at testNGTestClass.ValidatingUserName.BrowserLaunch(ValidatingUserName.java:44)
at testNGTestClass.ValidatingUserName.BrowserLaunch(ValidatingUserName.java:44)
at testNGTestClass.ValidatingUserName.BrowserLaunch(ValidatingUserName.java:44)
at testNGTestClass.ValidatingUserName.BrowserLaunch(ValidatingUserName.java:44)
at testNGTestClass.ValidatingUserName.BrowserLaunch(ValidatingUserName.java:44)
at testNGTestClass.ValidatingUserName.BrowserLaunch(ValidatingUserName.java:44)
at testNGTestClass.ValidatingUserName.BrowserLaunch(ValidatingUserName.java:44)
at testNGTestClass.ValidatingUserName.BrowserLaunch(ValidatingUserName.java:44)
at testNGTestClass.ValidatingUserName.BrowserLaunch(ValidatingUserName.java:44)
at testNGTestClass.ValidatingUserName.BrowserLaunch(ValidatingUserName.java:44)
at testNGTestClass.ValidatingUserName.BrowserLaunch(ValidatingUserName.java:44)
at testNGTestClass.ValidatingUserName.BrowserLaunch(ValidatingUserName.java:44)
at testNGTestClass.ValidatingUserName.BrowserLaunch(ValidatingUserName.java:44)
at testNGTestClass.ValidatingUserName.BrowserLaunch(ValidatingUserName.java:44)
at testNGTestClass.ValidatingUserName.BrowserLaunch(ValidatingUserName.java:44)
at testNGTestClass.ValidatingUserName.BrowserLaunch(ValidatingUserName.java:44)
at testNGTestClass.ValidatingUserName.BrowserLaunch(ValidatingUserName.java:44)
at testNGTestClass.ValidatingUserName.BrowserLaunch(ValidatingUserName.java:44)
at testNGTestClass.ValidatingUserName.BrowserLaunch(ValidatingUserName.java:44)
at testNGTestClass.ValidatingUserName.BrowserLaunch(ValidatingUserName.java:44)
at testNGTestClass.ValidatingUserName.BrowserLaunch(ValidatingUserName.java:44)
at testNGTestClass.ValidatingUserName.BrowserLaunch(ValidatingUserName.java:44)
at testNGTestClass.ValidatingUserName.BrowserLaunch(ValidatingUserName.java:44)
at testNGTestClass.ValidatingUserName.BrowserLaunch(ValidatingUserName.java:44)
at testNGTestClass.ValidatingUserName.BrowserLaunch(ValidatingUserName.java:44)
at testNGTestClass.ValidatingUserName.BrowserLaunch(ValidatingUserName.java:44)
at testNGTestClass.ValidatingUserName.BrowserLaunch(ValidatingUserName.java:44)
at testNGTestClass.ValidatingUserName.BrowserLaunch(ValidatingUserName.java:44)
at testNGTestClass.ValidatingUserName.BrowserLaunch(ValidatingUserName.java:44)
at testNGTestClass.ValidatingUserName.BrowserLaunch(ValidatingUserName.java:44)
at testNGTestClass.ValidatingUserName.BrowserLaunch(ValidatingUserName.java:44)
at testNGTestClass.ValidatingUserName.BrowserLaunch(ValidatingUserName.java:44)
at testNGTestClass.ValidatingUserName.BrowserLaunch(ValidatingUserName.java:44)
at testNGTestClass.ValidatingUserName.BrowserLaunch(ValidatingUserName.java:44)
at testNGTestClass.ValidatingUserName.BrowserLaunch(ValidatingUserName.java:44)
at testNGTestClass.ValidatingUserName.BrowserLaunch(ValidatingUserName.java:44)
at testNGTestClass.ValidatingUserName.BrowserLaunch(ValidatingUserName.java:44)
at testNGTestClass.ValidatingUserName.BrowserLaunch(ValidatingUserName.java:44)
at testNGTestClass.ValidatingUserName.BrowserLaunch(ValidatingUserName.java:44)
at testNGTestClass.ValidatingUserName.BrowserLaunch(ValidatingUserName.java:44)
at testNGTestClass.ValidatingUserName.BrowserLaunch(ValidatingUserName.java:44)
at testNGTestClass.ValidatingUserName.BrowserLaunch(ValidatingUserName.java:44)
at testNGTestClass.ValidatingUserName.BrowserLaunch(ValidatingUserName.java:44)
at testNGTestClass.ValidatingUserName.BrowserLaunch(ValidatingUserName.java:44)
at testNGTestClass.ValidatingUserName.BrowserLaunch(ValidatingUserName.java:44)
at testNGTestClass.ValidatingUserName.BrowserLaunch(ValidatingUserName.java:44)
at testNGTestClass.ValidatingUserName.BrowserLaunch(ValidatingUserName.java:44)
at testNGTestClass.ValidatingUserName.BrowserLaunch(ValidatingUserName.java:44)
at testNGTestClass.ValidatingUserName.BrowserLaunch(ValidatingUserName.java:44)
at testNGTestClass.ValidatingUserName.BrowserLaunch(ValidatingUserName.java:44)
at testNGTestClass.ValidatingUserName.BrowserLaunch(ValidatingUserName.java:44)
at testNGTestClass.ValidatingUserName.BrowserLaunch(ValidatingUserName.java:44)
at testNGTestClass.ValidatingUserName.BrowserLaunch(ValidatingUserName.java:44)
at testNGTestClass.ValidatingUserName.BrowserLaunch(ValidatingUserName.java:44)
at testNGTestClass.ValidatingUserName.BrowserLaunch(ValidatingUserName.java:44)
at testNGTestClass.ValidatingUserName.BrowserLaunch(ValidatingUserName.java:44)
at testNGTestClass.ValidatingUserName.BrowserLaunch(ValidatingUserName.java:44)
at testNGTestClass.ValidatingUserName.BrowserLaunch(ValidatingUserName.java:44)
at testNGTestClass.ValidatingUserName.BrowserLaunch(ValidatingUserName.java:44)
at testNGTestClass.ValidatingUserName.BrowserLaunch(ValidatingUserName.java:44)
at testNGTestClass.ValidatingUserName.BrowserLaunch(ValidatingUserName.java:44)
at testNGTestClass.ValidatingUserName.BrowserLaunch(ValidatingUserName.java:44)
at testNGTestClass.ValidatingUserName.BrowserLaunch(ValidatingUserName.java:44)
at testNGTestClass.ValidatingUserName.BrowserLaunch(ValidatingUserName.java:44)
at testNGTestClass.ValidatingUserName.BrowserLaunch(ValidatingUserName.java:44)
at testNGTestClass.ValidatingUserName.BrowserLaunch(ValidatingUserName.java:44)
at testNGTestClass.ValidatingUserName.BrowserLaunch(ValidatingUserName.java:44)
at testNGTestClass.ValidatingUserName.BrowserLaunch(ValidatingUserName.java:44)
at testNGTestClass.ValidatingUserName.BrowserLaunch(ValidatingUserName.java:44)
at testNGTestClass.ValidatingUserName.BrowserLaunch(ValidatingUserName.java:44)
at testNGTestClass.ValidatingUserName.BrowserLaunch(ValidatingUserName.java:44)
at testNGTestClass.ValidatingUserName.BrowserLaunch(ValidatingUserName.java:44)
at testNGTestClass.ValidatingUserName.BrowserLaunch(ValidatingUserName.java:44)
at testNGTestClass.ValidatingUserName.BrowserLaunch(ValidatingUserName.java:44)
at testNGTestClass.ValidatingUserName.BrowserLaunch(ValidatingUserName.java:44)
at testNGTestClass.ValidatingUserName.BrowserLaunch(ValidatingUserName.java:44)
at testNGTestClass.ValidatingUserName.BrowserLaunch(ValidatingUserName.java:44)
at testNGTestClass.ValidatingUserName.BrowserLaunch(ValidatingUserName.java:44)
at testNGTestClass.ValidatingUserName.BrowserLaunch(ValidatingUserName.java:44)
at testNGTestClass.ValidatingUserName.BrowserLaunch(ValidatingUserName.java:44)
at testNGTestClass.ValidatingUserName.BrowserLaunch(ValidatingUserName.java:44)
at testNGTestClass.ValidatingUserName.BrowserLaunch(ValidatingUserName.java:44)
at testNGTestClass.ValidatingUserName.BrowserLaunch(ValidatingUserName.java:44)
at testNGTestClass.ValidatingUserName.BrowserLaunch(ValidatingUserName.java:44)
at testNGTestClass.ValidatingUserName.BrowserLaunch(ValidatingUserName.java:44)
at testNGTestClass.ValidatingUserName.BrowserLaunch(ValidatingUserName.java:44)
at testNGTestClass.ValidatingUserName.BrowserLaunch(ValidatingUserName.java:44)
at testNGTestClass.ValidatingUserName.BrowserLaunch(ValidatingUserName.java:44)
at testNGTestClass.ValidatingUserName.BrowserLaunch(ValidatingUserName.java:44)
at testNGTestClass.ValidatingUserName.BrowserLaunch(ValidatingUserName.java:44)
at testNGTestClass.ValidatingUserName.BrowserLaunch(ValidatingUserName.java:44)
at testNGTestClass.ValidatingUserName.BrowserLaunch(ValidatingUserName.java:44)
at testNGTestClass.ValidatingUserName.BrowserLaunch(ValidatingUserName.java:44)
at testNGTestClass.ValidatingUserName.BrowserLaunch(ValidatingUserName.java:44)
at testNGTestClass.ValidatingUserName.BrowserLaunch(ValidatingUserName.java:44)
at testNGTestClass.ValidatingUserName.BrowserLaunch(ValidatingUserName.java:44)
at testNGTestClass.ValidatingUserName.BrowserLaunch(ValidatingUserName.java:44)
at testNGTestClass.ValidatingUserName.BrowserLaunch(ValidatingUserName.java:44)
at testNGTestClass.ValidatingUserName.BrowserLaunch(ValidatingUserName.java:44)
at testNGTestClass.ValidatingUserName.BrowserLaunch(ValidatingUserName.java:44)
at testNGTestClass.ValidatingUserName.BrowserLaunch(ValidatingUserName.java:44)
at testNGTestClass.ValidatingUserName.BrowserLaunch(ValidatingUserName.java:44)
at testNGTestClass.ValidatingUserName.BrowserLaunch(ValidatingUserName.java:44)
at testNGTestClass.ValidatingUserName.BrowserLaunch(ValidatingUserName.java:44)
at testNGTestClass.ValidatingUserName.BrowserLaunch(ValidatingUserName.java:44)
at testNGTestClass.ValidatingUserName.BrowserLaunch(ValidatingUserName.java:44)
at testNGTestClass.ValidatingUserName.BrowserLaunch(ValidatingUserName.java:44)
at testNGTestClass.ValidatingUserName.BrowserLaunch(ValidatingUserName.java:44)
at testNGTestClass.ValidatingUserName.BrowserLaunch(ValidatingUserName.java:44)
at testNGTestClass.ValidatingUserName.BrowserLaunch(ValidatingUserName.java:44)
at testNGTestClass.ValidatingUserName.BrowserLaunch(ValidatingUserName.java:44)
at testNGTestClass.ValidatingUserName.BrowserLaunch(ValidatingUserName.java:44)
at testNGTestClass.ValidatingUserName.BrowserLaunch(ValidatingUserName.java:44)
at testNGTestClass.ValidatingUserName.BrowserLaunch(ValidatingUserName.java:44)
at testNGTestClass.ValidatingUserName.BrowserLaunch(ValidatingUserName.java:44)
at testNGTestClass.ValidatingUserName.BrowserLaunch(ValidatingUserName.java:44)
at testNGTestClass.ValidatingUserName.BrowserLaunch(ValidatingUserName.java:44)
at testNGTestClass.ValidatingUserName.BrowserLaunch(ValidatingUserName.java:44)
at testNGTestClass.ValidatingUserName.BrowserLaunch(ValidatingUserName.java:44)
at testNGTestClass.ValidatingUserName.BrowserLaunch(ValidatingUserName.java:44)
at testNGTestClass.ValidatingUserName.BrowserLaunch(ValidatingUserName.java:44)
at testNGTestClass.ValidatingUserName.BrowserLaunch(ValidatingUserName.java:44)
at testNGTestClass.ValidatingUserName.BrowserLaunch(ValidatingUserName.java:44)
at testNGTestClass.ValidatingUserName.BrowserLaunch(ValidatingUserName.java:44)
at testNGTestClass.ValidatingUserName.BrowserLaunch(ValidatingUserName.java:44)
at testNGTestClass.ValidatingUserName.BrowserLaunch(ValidatingUserName.java:44)
at testNGTestClass.ValidatingUserName.BrowserLaunch(ValidatingUserName.java:44)
at testNGTestClass.ValidatingUserName.BrowserLaunch(ValidatingUserName.java:44)
at testNGTestClass.ValidatingUserName.BrowserLaunch(ValidatingUserName.java:44)
at testNGTestClass.ValidatingUserName.BrowserLaunch(ValidatingUserName.java:44)
at testNGTestClass.ValidatingUserName.BrowserLaunch(ValidatingUserName.java:44)
at testNGTestClass.ValidatingUserName.BrowserLaunch(ValidatingUserName.java:44)
at testNGTestClass.ValidatingUserName.BrowserLaunch(ValidatingUserName.java:44)
at testNGTestClass.ValidatingUserName.BrowserLaunch(ValidatingUserName.java:44)
at testNGTestClass.ValidatingUserName.BrowserLaunch(ValidatingUserName.java:44)
at testNGTestClass.ValidatingUserName.BrowserLaunch(ValidatingUserName.java:44)
at testNGTestClass.ValidatingUserName.BrowserLaunch(ValidatingUserName.java:44)
at testNGTestClass.ValidatingUserName.BrowserLaunch(ValidatingUserName.java:44)
at testNGTestClass.ValidatingUserName.BrowserLaunch(ValidatingUserName.java:44)
at testNGTestClass.ValidatingUserName.BrowserLaunch(ValidatingUserName.java:44)
at testNGTestClass.ValidatingUserName.BrowserLaunch(ValidatingUserName.java:44)
at testNGTestClass.ValidatingUserName.BrowserLaunch(ValidatingUserName.java:44)
at testNGTestClass.ValidatingUserName.BrowserLaunch(ValidatingUserName.java:44)
at testNGTestClass.ValidatingUserName.BrowserLaunch(ValidatingUserName.java:44)
at testNGTestClass.ValidatingUserName.BrowserLaunch(ValidatingUserName.java:44)
at testNGTestClass.ValidatingUserName.BrowserLaunch(ValidatingUserName.java:44)
at testNGTestClass.ValidatingUserName.BrowserLaunch(ValidatingUserName.java:44)
at testNGTestClass.ValidatingUserName.BrowserLaunch(ValidatingUserName.java:44)
]]>
    </error>
  </testcase> <!-- BrowserLaunch -->
  <system-out/>
  <testcase classname="testNGTestClass.ValidatingUserName" name="ValidatingUserID" time="0.000">
    <skipped/>
  </testcase> <!-- ValidatingUserID -->
  <system-out/>
</testsuite> <!-- testNGTestClass.ValidatingUserName -->
