<?xml version="1.0" encoding="UTF-8"?>
<!-- Generated by org.testng.reporters.JUnitReportReporter -->
<testsuite hostname="RANCHO" failures="0" tests="3" name="crossBrowserTesting.CBTest" time="54.637" errors="0" timestamp="2022-11-18T15:27:20 IST" skipped="0">
  <testcase classname="crossBrowserTesting.CBTest" name="CBTesting" time="17.795"/>
  <system-out/>
  <testcase classname="crossBrowserTesting.CBTest" name="CBTesting" time="18.077"/>
  <system-out/>
  <testcase classname="crossBrowserTesting.CBTest" name="CBTesting" time="18.765"/>
  <system-out/>
</testsuite> <!-- crossBrowserTesting.CBTest -->
