<?xml version="1.0" encoding="UTF-8"?>
<!-- Generated by org.testng.reporters.JUnitReportReporter -->
<testsuite hostname="RANCHO" failures="0" tests="3" name="TestNGStudy.TestClass3" time="0.014" errors="0" timestamp="2022-11-16T12:49:20 IST" skipped="0">
  <testcase classname="TestNGStudy.TestClass3" name="B" time="0.001"/>
  <system-out>
    <![CDATA[Answer is B]]>
  </system-out>
  <testcase classname="TestNGStudy.TestClass3" name="C" time="0.002"/>
  <system-out>
    <![CDATA[Answer is C]]>
  </system-out>
  <testcase classname="TestNGStudy.TestClass3" name="A" time="0.011"/>
  <system-out>
    <![CDATA[Answer is A]]>
  </system-out>
</testsuite> <!-- TestNGStudy.TestClass3 -->
