<?xml version="1.0" encoding="UTF-8"?>
<!-- Generated by org.testng.reporters.JUnitReportReporter -->
<testsuite hostname="RANCHO" failures="0" tests="1" name="TestNGStudy.TestClass2" time="0.001" errors="0" timestamp="2022-11-16T12:36:05 IST" skipped="0">
  <testcase classname="TestNGStudy.TestClass2" name="G" time="0.001"/>
  <system-out>
    <![CDATA[Answer is G]]>
  </system-out>
</testsuite> <!-- TestNGStudy.TestClass2 -->
