<?xml version="1.0" encoding="UTF-8"?>
<!-- Generated by org.testng.reporters.JUnitReportReporter -->
<testsuite hostname="RANCHO" failures="0" tests="1" name="TestNGStudy.TestClass1" time="0.010" errors="0" timestamp="2022-11-16T12:36:05 IST" skipped="0">
  <testcase classname="TestNGStudy.TestClass1" name="A" time="0.010"/>
  <system-out>
    <![CDATA[Answer is A]]>
  </system-out>
</testsuite> <!-- TestNGStudy.TestClass1 -->
