<?xml version="1.0" encoding="UTF-8"?>
<!-- Generated by org.testng.reporters.JUnitReportReporter -->
<testsuite hostname="RANCHO" failures="0" tests="1" name="neoStoxTest.NeoStoxTest" time="9.739" errors="0" timestamp="2022-11-30T13:52:07 IST" skipped="0">
  <testcase classname="neoStoxTest.NeoStoxTest" name="f" time="9.739"/>
  <system-out>
    <![CDATA[Expecyed and actual username is matched Test case is pass]]>
  </system-out>
</testsuite> <!-- neoStoxTest.NeoStoxTest -->
