<?xml version="1.0" encoding="UTF-8"?>
<!-- Generated by org.testng.reporters.JUnitReportReporter -->
<testsuite hostname="RANCHO" failures="0" tests="2" name="TestNGStudy.TestClass4" time="0.004" errors="0" timestamp="2022-11-16T12:49:20 IST" skipped="0">
  <testcase classname="TestNGStudy.TestClass4" name="K" time="0.002"/>
  <system-out>
    <![CDATA[Answer is K]]>
  </system-out>
  <testcase classname="TestNGStudy.TestClass4" name="Y" time="0.002"/>
  <system-out>
    <![CDATA[Answer is Y]]>
  </system-out>
</testsuite> <!-- TestNGStudy.TestClass4 -->
